<html xmlns:math="http://exslt.org/math" xmlns:testng="http://testng.org">
   <head>
      <title>TestNG Results</title>
      <meta http-equiv="content-type" content="text/html; charset=utf-8"></meta>
      <meta http-equiv="pragma" content="no-cache"></meta>
      <meta http-equiv="cache-control" content="max-age=0"></meta>
      <meta http-equiv="cache-control" content="no-cache"></meta>
      <meta http-equiv="cache-control" content="no-store"></meta>
      <LINK rel="stylesheet" href="style.css"></LINK>
      <script type="text/javascript" src="main.js"></script>
   </head>
   <body>
      <table width="100%" style="font-size: 16px; margin-bottom: 10px;" cellspacing="1">
         <tr>
            <td width="100%">
               								All methods in suite
               								
               <b>Mobile_WorkOrder_TestSuite</b>
            </td>
            <td style="background-color: #FFBBBB; padding: 3px 3px 3px 0;" align="center">
               <div style="width: 50px;">2</div>
            </td>
            <td style="background-color: lightgreen; padding: 3px 3px 3px 0;" align="center">
               <div style="width: 50px;">0</div>
            </td>
            <td style="background-color: #FFFFBB; padding: 3px 3px 3px 0;" align="center">
               <div style="width: 50px;">0</div>
            </td>
            <td align="center" style="background-color: #eaf0f7; padding: 3px 3px 3px 0;">
               <div style="width: 50px;">2</div>
            </td>
            <td align="center"
                style="font-weight: bold; background-color: #eaf0f7; padding: 3px 3px 3px 0;">
               <div style="width: 50px;">0%</div>
            </td>
            <td style="background-color: #eaf0f7; padding: 3px 3px 3px 0;" align="center"
                nowrap="true">1
               				m
               			51
               				s
               			
            </td>
         </tr>
      </table>
      <div style="width: 200px;">
         <label for="groupMethodsCheckBox" style="font-weight: bold; margin: 0;">
            <input id="groupMethodsCheckBox" type="checkbox" onclick="switchTestMethodsView(this)"
                   checked=""></input>
            				Group by class
            			
         </label>
         <br></br>
         <label for="methodsFilter_ALL" style="font-weight: bold; margin: 0;">
            <input id="methodsFilter_ALL" type="checkbox"
                   onclick="testMethodsFilterChanged(this, 'ALL')"
                   checked=""></input>
            				All
            			
         </label>
      </div>
      <label for="methodsFilter_FAIL" style="margin-left: 20px;">
         <input id="methodsFilter_FAIL" type="checkbox"
                onclick="testMethodsFilterChanged(this, 'FAIL')"
                checked=""></input>
         			Failed
         		
      </label>
      <label for="methodsFilter_PASS">
         <input id="methodsFilter_PASS" type="checkbox"
                onclick="testMethodsFilterChanged(this, 'PASS')"
                checked=""></input>
         			Passed
         		
      </label>
      <label for="methodsFilter_SKIP">
         <input id="methodsFilter_SKIP" type="checkbox"
                onclick="testMethodsFilterChanged(this, 'SKIP')"
                checked=""></input>
         			Skipped
         		
      </label>
      <label for="methodsFilter_CONF">
         <input id="methodsFilter_CONF" type="checkbox"
                onclick="testMethodsFilterChanged(this, 'CONF')"
                checked=""></input>
         			Config
         		
      </label>
      <br></br>
      <div id="testMethodsByStatus" style="display: none;">
         <table class="testMethodsTable" cellpadding="0" cellspacing="0">
            <tr class="methodsTableHeader">
               <td width="100%">Name</td>
               <td nowrap="true">Started</td>
               <td nowrap="true">Duration</td>
               <td>Exception</td>
            </tr>
            <tr id="mwo.tests.LoginTests_testInValidLogin_byStatus_failed_FAIL1_row"
                class="testMethodStatusFAIL">
               <td width="100%" class="firstMethodCell">
                  <a onclick="toggleDetailsVisibility('mwo.tests.LoginTests_testInValidLogin_byStatus_failed_FAIL1_details')">testInValidLogin()</a>
               </td>
               <td nowrap="true">02:08:26</td>
               <td nowrap="true" align="right">32
                  				s
                  			
               </td>
               <td nowrap="true">
                  <a onclick="toggleDetailsVisibility('mwo.tests.LoginTests_testInValidLogin_byStatus_failed_FAIL1_exception')">org.openqa.selenium.InvalidSelectorException: 
                     Argument was an invalid selector (e.g. XPath/CSS). (WARNING: The server did not provide any stacktrace information)
                     Command duration or timeout: 23 milliseconds
                     For documentation on this error, please visit: http://seleniumhq.org/exceptions/invalid_selector_exception.html
                     Build info: version: '2.53.0', revision: '35ae25b', time: '2016-03-15 16:57:40'
                     System info: host: 'BDC7-L-1Z7XLV1', ip: '192.168.56.1', os.name: 'Windows 7', os.arch: 'x86', os.version: '6.1', java.version:
                     '1.8.0_60'
                     Driver info: io.appium.java_client.android.AndroidDriver
                     Capabilities [{appPackage=null, app=C:\Users\srinivas.bavirisetti\Desktop\IFS\Automation_Sample\IFS_AutoSample\bin\Release\IFSPOC_new.apk,
                     networkConnectionEnabled=true, recreateChromeDriverSessions=true, warnings={}, appWaitPackage=null, databaseEnabled=false,
                     version=, deviceName=emulator-5554, platform=ANDROID, appActivity=null, chromedriverExecutable=./liblocal/chromedriver_2.20/chromedriver,
                     desired={appPackage=null, app=C:\Users\srinivas.bavirisetti\Desktop\IFS\Automation_Sample\IFS_AutoSample\bin\Release\IFSPOC_new.apk,
                     recreateChromeDriverSessions=true, appWaitPackage=null, version=, deviceName=Android Emulator, platform=ANDROID, appActivity=null,
                     chromedriverExecutable=./liblocal/chromedriver_2.20/chromedriver, newCommandTimeout=200, platformVersion=7.0, automationName=Appium,
                     browserName=, takesScreenshot=true, platformName=Android, autoAcceptAlerts=true}, newCommandTimeout=200, platformVersion=6.0,
                     webStorageEnabled=false, locationContextEnabled=false, automationName=Appium, browserName=, takesScreenshot=true, javascriptEnabled=true,
                     platformName=Android, autoAcceptAlerts=true}]
                     Session ID: aaed9662-9b30-44cd-8cbc-bb8335f6fabc
                     *** Element info: {Using=xpath, value=Login Failed}
                     
                  </a>
                  					 
                  				
               </td>
            </tr>
            <tr>
               <td colspan="4" class="detailsBox">
                  <div id="mwo.tests.LoginTests_testInValidLogin_byStatus_failed_FAIL1_details"
                       class="testMethodDetails">
                     <div>
                        <b>Name: </b>testInValidLogin
                     </div>
                     <div>
                        <b>Signature: </b>testInValidLogin()[pri:0, instance:mwo.tests.LoginTests@1fee20c]
                     </div>
                     <div>
                        <b>Start time: </b>02:08:26
                     </div>
                     <div>
                        <b>End time: </b>02:08:58
                     </div>
                     <div>
                        <b>Duration: </b>32
                        				s
                        			
                     </div>
                  </div>
               </td>
            </tr>
            <tr>
               <td colspan="4" class="detailsBox">
                  <div id="mwo.tests.LoginTests_testInValidLogin_byStatus_failed_FAIL1_exception"
                       class="testMethodDetails">
                     <pre style="padding: 5px; margin: 0;">org.openqa.selenium.InvalidSelectorException: Argument was an invalid selector (e.g. XPath/CSS). (WARNING: The server did
                        not provide any stacktrace information)
                        Command duration or timeout: 23 milliseconds
                        For documentation on this error, please visit: http://seleniumhq.org/exceptions/invalid_selector_exception.html
                        Build info: version: '2.53.0', revision: '35ae25b', time: '2016-03-15 16:57:40'
                        System info: host: 'BDC7-L-1Z7XLV1', ip: '192.168.56.1', os.name: 'Windows 7', os.arch: 'x86', os.version: '6.1', java.version:
                        '1.8.0_60'
                        Driver info: io.appium.java_client.android.AndroidDriver
                        Capabilities [{appPackage=null, app=C:\Users\srinivas.bavirisetti\Desktop\IFS\Automation_Sample\IFS_AutoSample\bin\Release\IFSPOC_new.apk,
                        networkConnectionEnabled=true, recreateChromeDriverSessions=true, warnings={}, appWaitPackage=null, databaseEnabled=false,
                        version=, deviceName=emulator-5554, platform=ANDROID, appActivity=null, chromedriverExecutable=./liblocal/chromedriver_2.20/chromedriver,
                        desired={appPackage=null, app=C:\Users\srinivas.bavirisetti\Desktop\IFS\Automation_Sample\IFS_AutoSample\bin\Release\IFSPOC_new.apk,
                        recreateChromeDriverSessions=true, appWaitPackage=null, version=, deviceName=Android Emulator, platform=ANDROID, appActivity=null,
                        chromedriverExecutable=./liblocal/chromedriver_2.20/chromedriver, newCommandTimeout=200, platformVersion=7.0, automationName=Appium,
                        browserName=, takesScreenshot=true, platformName=Android, autoAcceptAlerts=true}, newCommandTimeout=200, platformVersion=6.0,
                        webStorageEnabled=false, locationContextEnabled=false, automationName=Appium, browserName=, takesScreenshot=true, javascriptEnabled=true,
                        platformName=Android, autoAcceptAlerts=true}]
                        Session ID: aaed9662-9b30-44cd-8cbc-bb8335f6fabc
                        *** Element info: {Using=xpath, value=Login Failed}
                        	at sun.reflect.NativeConstructorAccessorImpl.newInstance0(Native Method)
                        	at sun.reflect.NativeConstructorAccessorImpl.newInstance(NativeConstructorAccessorImpl.java:62)
                        	at sun.reflect.DelegatingConstructorAccessorImpl.newInstance(DelegatingConstructorAccessorImpl.java:45)
                        	at java.lang.reflect.Constructor.newInstance(Constructor.java:422)
                        	at org.openqa.selenium.remote.ErrorHandler.createThrowable(ErrorHandler.java:206)
                        	at org.openqa.selenium.remote.ErrorHandler.throwIfResponseFailed(ErrorHandler.java:158)
                        	at org.openqa.selenium.remote.RemoteWebDriver.execute(RemoteWebDriver.java:678)
                        	at io.appium.java_client.DefaultGenericMobileDriver.execute(DefaultGenericMobileDriver.java:43)
                        	at io.appium.java_client.AppiumDriver.execute(AppiumDriver.java:1)
                        	at io.appium.java_client.android.AndroidDriver.execute(AndroidDriver.java:1)
                        	at org.openqa.selenium.remote.RemoteWebDriver.findElements(RemoteWebDriver.java:388)
                        	at org.openqa.selenium.remote.RemoteWebDriver.findElementsByXPath(RemoteWebDriver.java:504)
                        	at io.appium.java_client.DefaultGenericMobileDriver.findElementsByXPath(DefaultGenericMobileDriver.java:133)
                        	at io.appium.java_client.AppiumDriver.findElementsByXPath(AppiumDriver.java:208)
                        	at org.openqa.selenium.By$ByXPath.findElements(By.java:356)
                        	at org.openqa.selenium.remote.RemoteWebDriver.findElements(RemoteWebDriver.java:351)
                        	at io.appium.java_client.DefaultGenericMobileDriver.findElements(DefaultGenericMobileDriver.java:47)
                        	at io.appium.java_client.AppiumDriver.findElements(AppiumDriver.java:176)
                        	at com.appium.base.PageBase.isElementPresent(Unknown Source)
                        	at mwo.pages.LoginPage.invalidLoginVerification(Unknown Source)
                        	at mwo.tests.LoginTests.testInValidLogin(Unknown Source)
                        	at sun.reflect.NativeMethodAccessorImpl.invoke0(Native Method)
                        	at sun.reflect.NativeMethodAccessorImpl.invoke(NativeMethodAccessorImpl.java:62)
                        	at sun.reflect.DelegatingMethodAccessorImpl.invoke(DelegatingMethodAccessorImpl.java:43)
                        	at java.lang.reflect.Method.invoke(Method.java:497)
                        	at org.testng.internal.MethodInvocationHelper.invokeMethod(MethodInvocationHelper.java:85)
                        	at org.testng.internal.Invoker.invokeMethod(Invoker.java:639)
                        	at org.testng.internal.Invoker.invokeTestMethod(Invoker.java:816)
                        	at org.testng.internal.Invoker.invokeTestMethods(Invoker.java:1124)
                        	at org.testng.internal.TestMethodWorker.invokeTestMethods(TestMethodWorker.java:125)
                        	at org.testng.internal.TestMethodWorker.run(TestMethodWorker.java:108)
                        	at org.testng.TestRunner.privateRun(TestRunner.java:774)
                        	at org.testng.TestRunner.run(TestRunner.java:624)
                        	at org.testng.SuiteRunner.runTest(SuiteRunner.java:359)
                        	at org.testng.SuiteRunner.runSequentially(SuiteRunner.java:354)
                        	at org.testng.SuiteRunner.privateRun(SuiteRunner.java:312)
                        	at org.testng.SuiteRunner.run(SuiteRunner.java:261)
                        	at org.testng.SuiteRunnerWorker.runSuite(SuiteRunnerWorker.java:52)
                        	at org.testng.SuiteRunnerWorker.run(SuiteRunnerWorker.java:86)
                        	at org.testng.TestNG.runSuitesSequentially(TestNG.java:1215)
                        	at org.testng.TestNG.runSuitesLocally(TestNG.java:1140)
                        	at org.testng.TestNG.run(TestNG.java:1048)
                        	at org.testng.TestNG.privateMain(TestNG.java:1355)
                        	at org.testng.TestNG.main(TestNG.java:1324)
                     </pre>
                  </div>
               </td>
            </tr>
            <tr id="mwo.tests.LoginTests_testValidLogin_byStatus_failed_FAIL2_row"
                class="testMethodStatusFAIL">
               <td width="100%" class="firstMethodCell">
                  <a onclick="toggleDetailsVisibility('mwo.tests.LoginTests_testValidLogin_byStatus_failed_FAIL2_details')">testValidLogin()</a>
               </td>
               <td nowrap="true">02:09:23</td>
               <td nowrap="true" align="right">31
                  				s
                  			
               </td>
               <td nowrap="true">
                  <a onclick="toggleDetailsVisibility('mwo.tests.LoginTests_testValidLogin_byStatus_failed_FAIL2_exception')">org.openqa.selenium.InvalidSelectorException: 
                     Argument was an invalid selector (e.g. XPath/CSS). (WARNING: The server did not provide any stacktrace information)
                     Command duration or timeout: 30 milliseconds
                     For documentation on this error, please visit: http://seleniumhq.org/exceptions/invalid_selector_exception.html
                     Build info: version: '2.53.0', revision: '35ae25b', time: '2016-03-15 16:57:40'
                     System info: host: 'BDC7-L-1Z7XLV1', ip: '192.168.56.1', os.name: 'Windows 7', os.arch: 'x86', os.version: '6.1', java.version:
                     '1.8.0_60'
                     Driver info: io.appium.java_client.android.AndroidDriver
                     Capabilities [{appPackage=null, app=C:\Users\srinivas.bavirisetti\Desktop\IFS\Automation_Sample\IFS_AutoSample\bin\Release\IFSPOC_new.apk,
                     networkConnectionEnabled=true, recreateChromeDriverSessions=true, warnings={}, appWaitPackage=null, databaseEnabled=false,
                     version=, deviceName=emulator-5554, platform=ANDROID, appActivity=null, chromedriverExecutable=./liblocal/chromedriver_2.20/chromedriver,
                     desired={appPackage=null, app=C:\Users\srinivas.bavirisetti\Desktop\IFS\Automation_Sample\IFS_AutoSample\bin\Release\IFSPOC_new.apk,
                     recreateChromeDriverSessions=true, appWaitPackage=null, version=, deviceName=Android Emulator, platform=ANDROID, appActivity=null,
                     chromedriverExecutable=./liblocal/chromedriver_2.20/chromedriver, newCommandTimeout=200, platformVersion=7.0, automationName=Appium,
                     browserName=, takesScreenshot=true, platformName=Android, autoAcceptAlerts=true}, newCommandTimeout=200, platformVersion=6.0,
                     webStorageEnabled=false, locationContextEnabled=false, automationName=Appium, browserName=, takesScreenshot=true, javascriptEnabled=true,
                     platformName=Android, autoAcceptAlerts=true}]
                     Session ID: 7b411c02-da95-447d-acf3-a50c039206cb
                     *** Element info: {Using=xpath, value=Login Successfull}
                     
                  </a>
                  					 
                  				
               </td>
            </tr>
            <tr>
               <td colspan="4" class="detailsBox">
                  <div id="mwo.tests.LoginTests_testValidLogin_byStatus_failed_FAIL2_details"
                       class="testMethodDetails">
                     <div>
                        <b>Name: </b>testValidLogin
                     </div>
                     <div>
                        <b>Signature: </b>testValidLogin()[pri:0, instance:mwo.tests.LoginTests@1fee20c]
                     </div>
                     <div>
                        <b>Start time: </b>02:09:23
                     </div>
                     <div>
                        <b>End time: </b>02:09:55
                     </div>
                     <div>
                        <b>Duration: </b>31
                        				s
                        			
                     </div>
                  </div>
               </td>
            </tr>
            <tr>
               <td colspan="4" class="detailsBox">
                  <div id="mwo.tests.LoginTests_testValidLogin_byStatus_failed_FAIL2_exception"
                       class="testMethodDetails">
                     <pre style="padding: 5px; margin: 0;">org.openqa.selenium.InvalidSelectorException: Argument was an invalid selector (e.g. XPath/CSS). (WARNING: The server did
                        not provide any stacktrace information)
                        Command duration or timeout: 30 milliseconds
                        For documentation on this error, please visit: http://seleniumhq.org/exceptions/invalid_selector_exception.html
                        Build info: version: '2.53.0', revision: '35ae25b', time: '2016-03-15 16:57:40'
                        System info: host: 'BDC7-L-1Z7XLV1', ip: '192.168.56.1', os.name: 'Windows 7', os.arch: 'x86', os.version: '6.1', java.version:
                        '1.8.0_60'
                        Driver info: io.appium.java_client.android.AndroidDriver
                        Capabilities [{appPackage=null, app=C:\Users\srinivas.bavirisetti\Desktop\IFS\Automation_Sample\IFS_AutoSample\bin\Release\IFSPOC_new.apk,
                        networkConnectionEnabled=true, recreateChromeDriverSessions=true, warnings={}, appWaitPackage=null, databaseEnabled=false,
                        version=, deviceName=emulator-5554, platform=ANDROID, appActivity=null, chromedriverExecutable=./liblocal/chromedriver_2.20/chromedriver,
                        desired={appPackage=null, app=C:\Users\srinivas.bavirisetti\Desktop\IFS\Automation_Sample\IFS_AutoSample\bin\Release\IFSPOC_new.apk,
                        recreateChromeDriverSessions=true, appWaitPackage=null, version=, deviceName=Android Emulator, platform=ANDROID, appActivity=null,
                        chromedriverExecutable=./liblocal/chromedriver_2.20/chromedriver, newCommandTimeout=200, platformVersion=7.0, automationName=Appium,
                        browserName=, takesScreenshot=true, platformName=Android, autoAcceptAlerts=true}, newCommandTimeout=200, platformVersion=6.0,
                        webStorageEnabled=false, locationContextEnabled=false, automationName=Appium, browserName=, takesScreenshot=true, javascriptEnabled=true,
                        platformName=Android, autoAcceptAlerts=true}]
                        Session ID: 7b411c02-da95-447d-acf3-a50c039206cb
                        *** Element info: {Using=xpath, value=Login Successfull}
                        	at sun.reflect.NativeConstructorAccessorImpl.newInstance0(Native Method)
                        	at sun.reflect.NativeConstructorAccessorImpl.newInstance(NativeConstructorAccessorImpl.java:62)
                        	at sun.reflect.DelegatingConstructorAccessorImpl.newInstance(DelegatingConstructorAccessorImpl.java:45)
                        	at java.lang.reflect.Constructor.newInstance(Constructor.java:422)
                        	at org.openqa.selenium.remote.ErrorHandler.createThrowable(ErrorHandler.java:206)
                        	at org.openqa.selenium.remote.ErrorHandler.throwIfResponseFailed(ErrorHandler.java:158)
                        	at org.openqa.selenium.remote.RemoteWebDriver.execute(RemoteWebDriver.java:678)
                        	at io.appium.java_client.DefaultGenericMobileDriver.execute(DefaultGenericMobileDriver.java:43)
                        	at io.appium.java_client.AppiumDriver.execute(AppiumDriver.java:1)
                        	at io.appium.java_client.android.AndroidDriver.execute(AndroidDriver.java:1)
                        	at org.openqa.selenium.remote.RemoteWebDriver.findElements(RemoteWebDriver.java:388)
                        	at org.openqa.selenium.remote.RemoteWebDriver.findElementsByXPath(RemoteWebDriver.java:504)
                        	at io.appium.java_client.DefaultGenericMobileDriver.findElementsByXPath(DefaultGenericMobileDriver.java:133)
                        	at io.appium.java_client.AppiumDriver.findElementsByXPath(AppiumDriver.java:208)
                        	at org.openqa.selenium.By$ByXPath.findElements(By.java:356)
                        	at org.openqa.selenium.remote.RemoteWebDriver.findElements(RemoteWebDriver.java:351)
                        	at io.appium.java_client.DefaultGenericMobileDriver.findElements(DefaultGenericMobileDriver.java:47)
                        	at io.appium.java_client.AppiumDriver.findElements(AppiumDriver.java:176)
                        	at com.appium.base.PageBase.isElementPresent(Unknown Source)
                        	at mwo.pages.LoginPage.validLoginVerification(Unknown Source)
                        	at mwo.tests.LoginTests.testValidLogin(Unknown Source)
                        	at sun.reflect.NativeMethodAccessorImpl.invoke0(Native Method)
                        	at sun.reflect.NativeMethodAccessorImpl.invoke(NativeMethodAccessorImpl.java:62)
                        	at sun.reflect.DelegatingMethodAccessorImpl.invoke(DelegatingMethodAccessorImpl.java:43)
                        	at java.lang.reflect.Method.invoke(Method.java:497)
                        	at org.testng.internal.MethodInvocationHelper.invokeMethod(MethodInvocationHelper.java:85)
                        	at org.testng.internal.Invoker.invokeMethod(Invoker.java:639)
                        	at org.testng.internal.Invoker.invokeTestMethod(Invoker.java:816)
                        	at org.testng.internal.Invoker.invokeTestMethods(Invoker.java:1124)
                        	at org.testng.internal.TestMethodWorker.invokeTestMethods(TestMethodWorker.java:125)
                        	at org.testng.internal.TestMethodWorker.run(TestMethodWorker.java:108)
                        	at org.testng.TestRunner.privateRun(TestRunner.java:774)
                        	at org.testng.TestRunner.run(TestRunner.java:624)
                        	at org.testng.SuiteRunner.runTest(SuiteRunner.java:359)
                        	at org.testng.SuiteRunner.runSequentially(SuiteRunner.java:354)
                        	at org.testng.SuiteRunner.privateRun(SuiteRunner.java:312)
                        	at org.testng.SuiteRunner.run(SuiteRunner.java:261)
                        	at org.testng.SuiteRunnerWorker.runSuite(SuiteRunnerWorker.java:52)
                        	at org.testng.SuiteRunnerWorker.run(SuiteRunnerWorker.java:86)
                        	at org.testng.TestNG.runSuitesSequentially(TestNG.java:1215)
                        	at org.testng.TestNG.runSuitesLocally(TestNG.java:1140)
                        	at org.testng.TestNG.run(TestNG.java:1048)
                        	at org.testng.TestNG.privateMain(TestNG.java:1355)
                        	at org.testng.TestNG.main(TestNG.java:1324)
                     </pre>
                  </div>
               </td>
            </tr>
            <tr id="mwo.tests.LoginTests_beforeSuite_byStatus_passed_PASS1_row"
                class="testMethodStatusPASS testMethodStatusCONF">
               <td width="100%" class="firstMethodCell">
                  <a onclick="toggleDetailsVisibility('mwo.tests.LoginTests_beforeSuite_byStatus_passed_PASS1_details')">beforeSuite()</a>
               </td>
               <td nowrap="true">02:07:44</td>
               <td nowrap="true" align="right">24
                  				s
                  			
               </td>
               <td nowrap="true">
                  					 
                  				
               </td>
            </tr>
            <tr>
               <td colspan="4" class="detailsBox">
                  <div id="mwo.tests.LoginTests_beforeSuite_byStatus_passed_PASS1_details"
                       class="testMethodDetails">
                     <div>
                        <b>Name: </b>beforeSuite
                     </div>
                     <div>
                        <b>Signature: </b>beforeSuite()[pri:0, instance:mwo.tests.LoginTests@1fee20c]
                     </div>
                     <div>
                        <b>Start time: </b>02:07:44
                     </div>
                     <div>
                        <b>End time: </b>02:08:08
                     </div>
                     <div>
                        <b>Duration: </b>24
                        				s
                        			
                     </div>
                  </div>
               </td>
            </tr>
            <tr></tr>
            <tr id="mwo.tests.LoginTests_beforeClass_byStatus_passed_PASS2_row"
                class="testMethodStatusPASS testMethodStatusCONF">
               <td width="100%" class="firstMethodCell">
                  <a onclick="toggleDetailsVisibility('mwo.tests.LoginTests_beforeClass_byStatus_passed_PASS2_details')">beforeClass()</a>
               </td>
               <td nowrap="true">02:08:08</td>
               <td nowrap="true" align="right">0
                  			 ms
                  		
               </td>
               <td nowrap="true">
                  					 
                  				
               </td>
            </tr>
            <tr>
               <td colspan="4" class="detailsBox">
                  <div id="mwo.tests.LoginTests_beforeClass_byStatus_passed_PASS2_details"
                       class="testMethodDetails">
                     <div>
                        <b>Name: </b>beforeClass
                     </div>
                     <div>
                        <b>Signature: </b>beforeClass()[pri:0, instance:mwo.tests.LoginTests@1fee20c]
                     </div>
                     <div>
                        <b>Start time: </b>02:08:08
                     </div>
                     <div>
                        <b>End time: </b>02:08:08
                     </div>
                     <div>
                        <b>Duration: </b>0
                        			 ms
                        		
                     </div>
                  </div>
               </td>
            </tr>
            <tr></tr>
            <tr id="mwo.tests.LoginTests_beforeMethod_byStatus_passed_PASS3_row"
                class="testMethodStatusPASS testMethodStatusCONF">
               <td width="100%" class="firstMethodCell">
                  <a onclick="toggleDetailsVisibility('mwo.tests.LoginTests_beforeMethod_byStatus_passed_PASS3_details')">beforeMethod(public void mwo.tests.LoginTests.testInValidLogin() throws java.lang.Exception)</a>
               </td>
               <td nowrap="true">02:08:08</td>
               <td nowrap="true" align="right">17
                  				s
                  			
               </td>
               <td nowrap="true">
                  					 
                  				
               </td>
            </tr>
            <tr>
               <td colspan="4" class="detailsBox">
                  <div id="mwo.tests.LoginTests_beforeMethod_byStatus_passed_PASS3_details"
                       class="testMethodDetails">
                     <div>
                        <b>Name: </b>beforeMethod
                     </div>
                     <div>
                        <b>Signature: </b>beforeMethod(java.lang.reflect.Method)[pri:0, instance:mwo.tests.LoginTests@1fee20c]
                     </div>
                     <div>
                        <b>Parameters: </b>
                        
                        public void mwo.tests.LoginTests.testInValidLogin() throws java.lang.Exception
                        
                        
                     </div>
                     <div>
                        <b>Start time: </b>02:08:08
                     </div>
                     <div>
                        <b>End time: </b>02:08:26
                     </div>
                     <div>
                        <b>Duration: </b>17
                        				s
                        			
                     </div>
                  </div>
               </td>
            </tr>
            <tr></tr>
            <tr id="mwo.tests.LoginTests_afterMethod_byStatus_passed_PASS4_row"
                class="testMethodStatusPASS testMethodStatusCONF">
               <td width="100%" class="firstMethodCell">
                  <a onclick="toggleDetailsVisibility('mwo.tests.LoginTests_afterMethod_byStatus_passed_PASS4_details')">afterMethod([TestResult name=testInValidLogin status=FAILURE method=LoginTests.testInValidLogin()[pri:0, instance:mwo.tests.LoginTests@1fee20c]
                     output=We are in Android, now checking for Alert messages...])
                  </a>
               </td>
               <td nowrap="true">02:08:58</td>
               <td nowrap="true" align="right">7
                  				s
                  			
               </td>
               <td nowrap="true">
                  					 
                  				
               </td>
            </tr>
            <tr>
               <td colspan="4" class="detailsBox">
                  <div id="mwo.tests.LoginTests_afterMethod_byStatus_passed_PASS4_details"
                       class="testMethodDetails">
                     <div>
                        <b>Name: </b>afterMethod
                     </div>
                     <div>
                        <b>Signature: </b>afterMethod(org.testng.ITestResult)[pri:0, instance:mwo.tests.LoginTests@1fee20c]
                     </div>
                     <div>
                        <b>Parameters: </b>
                        
                        [TestResult name=testInValidLogin status=FAILURE method=LoginTests.testInValidLogin()[pri:0, instance:mwo.tests.LoginTests@1fee20c]
                        output=We are in Android, now checking for Alert messages...]
                        
                        
                     </div>
                     <div>
                        <b>Start time: </b>02:08:58
                     </div>
                     <div>
                        <b>End time: </b>02:09:06
                     </div>
                     <div>
                        <b>Duration: </b>7
                        				s
                        			
                     </div>
                  </div>
               </td>
            </tr>
            <tr></tr>
            <tr id="mwo.tests.LoginTests_beforeMethod_byStatus_passed_PASS5_row"
                class="testMethodStatusPASS testMethodStatusCONF">
               <td width="100%" class="firstMethodCell">
                  <a onclick="toggleDetailsVisibility('mwo.tests.LoginTests_beforeMethod_byStatus_passed_PASS5_details')">beforeMethod(public void mwo.tests.LoginTests.testValidLogin() throws java.lang.Exception)</a>
               </td>
               <td nowrap="true">02:09:06</td>
               <td nowrap="true" align="right">16
                  				s
                  			
               </td>
               <td nowrap="true">
                  					 
                  				
               </td>
            </tr>
            <tr>
               <td colspan="4" class="detailsBox">
                  <div id="mwo.tests.LoginTests_beforeMethod_byStatus_passed_PASS5_details"
                       class="testMethodDetails">
                     <div>
                        <b>Name: </b>beforeMethod
                     </div>
                     <div>
                        <b>Signature: </b>beforeMethod(java.lang.reflect.Method)[pri:0, instance:mwo.tests.LoginTests@1fee20c]
                     </div>
                     <div>
                        <b>Parameters: </b>
                        
                        public void mwo.tests.LoginTests.testValidLogin() throws java.lang.Exception
                        
                        
                     </div>
                     <div>
                        <b>Start time: </b>02:09:06
                     </div>
                     <div>
                        <b>End time: </b>02:09:23
                     </div>
                     <div>
                        <b>Duration: </b>16
                        				s
                        			
                     </div>
                  </div>
               </td>
            </tr>
            <tr></tr>
            <tr id="mwo.tests.LoginTests_afterMethod_byStatus_passed_PASS6_row"
                class="testMethodStatusPASS testMethodStatusCONF">
               <td width="100%" class="firstMethodCell">
                  <a onclick="toggleDetailsVisibility('mwo.tests.LoginTests_afterMethod_byStatus_passed_PASS6_details')">afterMethod([TestResult name=testValidLogin status=FAILURE method=LoginTests.testValidLogin()[pri:0, instance:mwo.tests.LoginTests@1fee20c]
                     output=We are in Android, now checking for Alert messages...])
                  </a>
               </td>
               <td nowrap="true">02:09:55</td>
               <td nowrap="true" align="right">5
                  				s
                  			
               </td>
               <td nowrap="true">
                  					 
                  				
               </td>
            </tr>
            <tr>
               <td colspan="4" class="detailsBox">
                  <div id="mwo.tests.LoginTests_afterMethod_byStatus_passed_PASS6_details"
                       class="testMethodDetails">
                     <div>
                        <b>Name: </b>afterMethod
                     </div>
                     <div>
                        <b>Signature: </b>afterMethod(org.testng.ITestResult)[pri:0, instance:mwo.tests.LoginTests@1fee20c]
                     </div>
                     <div>
                        <b>Parameters: </b>
                        
                        [TestResult name=testValidLogin status=FAILURE method=LoginTests.testValidLogin()[pri:0, instance:mwo.tests.LoginTests@1fee20c]
                        output=We are in Android, now checking for Alert messages...]
                        
                        
                     </div>
                     <div>
                        <b>Start time: </b>02:09:55
                     </div>
                     <div>
                        <b>End time: </b>02:10:00
                     </div>
                     <div>
                        <b>Duration: </b>5
                        				s
                        			
                     </div>
                  </div>
               </td>
            </tr>
            <tr></tr>
            <tr id="mwo.tests.LoginTests_afterClass_byStatus_passed_PASS7_row"
                class="testMethodStatusPASS testMethodStatusCONF">
               <td width="100%" class="firstMethodCell">
                  <a onclick="toggleDetailsVisibility('mwo.tests.LoginTests_afterClass_byStatus_passed_PASS7_details')">afterClass()</a>
               </td>
               <td nowrap="true">02:10:00</td>
               <td nowrap="true" align="right">0
                  			 ms
                  		
               </td>
               <td nowrap="true">
                  					 
                  				
               </td>
            </tr>
            <tr>
               <td colspan="4" class="detailsBox">
                  <div id="mwo.tests.LoginTests_afterClass_byStatus_passed_PASS7_details"
                       class="testMethodDetails">
                     <div>
                        <b>Name: </b>afterClass
                     </div>
                     <div>
                        <b>Signature: </b>afterClass()[pri:0, instance:mwo.tests.LoginTests@1fee20c]
                     </div>
                     <div>
                        <b>Start time: </b>02:10:00
                     </div>
                     <div>
                        <b>End time: </b>02:10:00
                     </div>
                     <div>
                        <b>Duration: </b>0
                        			 ms
                        		
                     </div>
                  </div>
               </td>
            </tr>
            <tr></tr>
            <tr id="mwo.tests.LoginTests_afterSuite_byStatus_passed_PASS8_row"
                class="testMethodStatusPASS testMethodStatusCONF">
               <td width="100%" class="firstMethodCell">
                  <a onclick="toggleDetailsVisibility('mwo.tests.LoginTests_afterSuite_byStatus_passed_PASS8_details')">afterSuite()</a>
               </td>
               <td nowrap="true">02:10:00</td>
               <td nowrap="true" align="right">623
                  			 ms
                  		
               </td>
               <td nowrap="true">
                  					 
                  				
               </td>
            </tr>
            <tr>
               <td colspan="4" class="detailsBox">
                  <div id="mwo.tests.LoginTests_afterSuite_byStatus_passed_PASS8_details"
                       class="testMethodDetails">
                     <div>
                        <b>Name: </b>afterSuite
                     </div>
                     <div>
                        <b>Signature: </b>afterSuite()[pri:0, instance:mwo.tests.LoginTests@1fee20c]
                     </div>
                     <div>
                        <b>Start time: </b>02:10:00
                     </div>
                     <div>
                        <b>End time: </b>02:10:01
                     </div>
                     <div>
                        <b>Duration: </b>623
                        			 ms
                        		
                     </div>
                  </div>
               </td>
            </tr>
            <tr></tr>
         </table>
      </div>
      <div id="testMethodsByClass">
         <table class="testMethodsTable" cellpadding="0" cellspacing="0">
            <tr>
               <td colspan="4">
                  <h3 style="display: inline;">mwo.tests.LoginTests</h3>
               </td>
            </tr>
            <tr class="methodsTableHeader">
               <td width="100%">Name</td>
               <td nowrap="true">Started</td>
               <td nowrap="true">Duration</td>
               <td>Exception</td>
            </tr>
            <tr id="mwo.tests.LoginTests_beforeSuite_byClass_PASS1_row"
                class="testMethodStatusPASS testMethodStatusCONF">
               <td width="100%" class="firstMethodCell">
                  <a onclick="toggleDetailsVisibility('mwo.tests.LoginTests_beforeSuite_byClass_PASS1_details')">beforeSuite()</a>
               </td>
               <td nowrap="true">02:07:44</td>
               <td nowrap="true" align="right">24
                  				s
                  			
               </td>
               <td nowrap="true">
                  					 
                  				
               </td>
            </tr>
            <tr>
               <td colspan="4" class="detailsBox">
                  <div id="mwo.tests.LoginTests_beforeSuite_byClass_PASS1_details"
                       class="testMethodDetails">
                     <div>
                        <b>Name: </b>beforeSuite
                     </div>
                     <div>
                        <b>Signature: </b>beforeSuite()[pri:0, instance:mwo.tests.LoginTests@1fee20c]
                     </div>
                     <div>
                        <b>Start time: </b>02:07:44
                     </div>
                     <div>
                        <b>End time: </b>02:08:08
                     </div>
                     <div>
                        <b>Duration: </b>24
                        				s
                        			
                     </div>
                  </div>
               </td>
            </tr>
            <tr></tr>
            <tr id="mwo.tests.LoginTests_beforeClass_byClass_PASS2_row"
                class="testMethodStatusPASS testMethodStatusCONF">
               <td width="100%" class="firstMethodCell">
                  <a onclick="toggleDetailsVisibility('mwo.tests.LoginTests_beforeClass_byClass_PASS2_details')">beforeClass()</a>
               </td>
               <td nowrap="true">02:08:08</td>
               <td nowrap="true" align="right">0
                  			 ms
                  		
               </td>
               <td nowrap="true">
                  					 
                  				
               </td>
            </tr>
            <tr>
               <td colspan="4" class="detailsBox">
                  <div id="mwo.tests.LoginTests_beforeClass_byClass_PASS2_details"
                       class="testMethodDetails">
                     <div>
                        <b>Name: </b>beforeClass
                     </div>
                     <div>
                        <b>Signature: </b>beforeClass()[pri:0, instance:mwo.tests.LoginTests@1fee20c]
                     </div>
                     <div>
                        <b>Start time: </b>02:08:08
                     </div>
                     <div>
                        <b>End time: </b>02:08:08
                     </div>
                     <div>
                        <b>Duration: </b>0
                        			 ms
                        		
                     </div>
                  </div>
               </td>
            </tr>
            <tr></tr>
            <tr id="mwo.tests.LoginTests_beforeMethod_byClass_PASS3_row"
                class="testMethodStatusPASS testMethodStatusCONF">
               <td width="100%" class="firstMethodCell">
                  <a onclick="toggleDetailsVisibility('mwo.tests.LoginTests_beforeMethod_byClass_PASS3_details')">beforeMethod(public void mwo.tests.LoginTests.testInValidLogin() throws java.lang.Exception)</a>
               </td>
               <td nowrap="true">02:08:08</td>
               <td nowrap="true" align="right">17
                  				s
                  			
               </td>
               <td nowrap="true">
                  					 
                  				
               </td>
            </tr>
            <tr>
               <td colspan="4" class="detailsBox">
                  <div id="mwo.tests.LoginTests_beforeMethod_byClass_PASS3_details"
                       class="testMethodDetails">
                     <div>
                        <b>Name: </b>beforeMethod
                     </div>
                     <div>
                        <b>Signature: </b>beforeMethod(java.lang.reflect.Method)[pri:0, instance:mwo.tests.LoginTests@1fee20c]
                     </div>
                     <div>
                        <b>Parameters: </b>
                        
                        public void mwo.tests.LoginTests.testInValidLogin() throws java.lang.Exception
                        
                        
                     </div>
                     <div>
                        <b>Start time: </b>02:08:08
                     </div>
                     <div>
                        <b>End time: </b>02:08:26
                     </div>
                     <div>
                        <b>Duration: </b>17
                        				s
                        			
                     </div>
                  </div>
               </td>
            </tr>
            <tr></tr>
            <tr id="mwo.tests.LoginTests_testInValidLogin_byClass_FAIL4_row"
                class="testMethodStatusFAIL">
               <td width="100%" class="firstMethodCell">
                  <a onclick="toggleDetailsVisibility('mwo.tests.LoginTests_testInValidLogin_byClass_FAIL4_details')">testInValidLogin()</a>
               </td>
               <td nowrap="true">02:08:26</td>
               <td nowrap="true" align="right">32
                  				s
                  			
               </td>
               <td nowrap="true">
                  <a onclick="toggleDetailsVisibility('mwo.tests.LoginTests_testInValidLogin_byClass_FAIL4_exception')">org.openqa.selenium.InvalidSelectorException: 
                     Argument was an invalid selector (e.g. XPath/CSS). (WARNING: The server did not provide any stacktrace information)
                     Command duration or timeout: 23 milliseconds
                     For documentation on this error, please visit: http://seleniumhq.org/exceptions/invalid_selector_exception.html
                     Build info: version: '2.53.0', revision: '35ae25b', time: '2016-03-15 16:57:40'
                     System info: host: 'BDC7-L-1Z7XLV1', ip: '192.168.56.1', os.name: 'Windows 7', os.arch: 'x86', os.version: '6.1', java.version:
                     '1.8.0_60'
                     Driver info: io.appium.java_client.android.AndroidDriver
                     Capabilities [{appPackage=null, app=C:\Users\srinivas.bavirisetti\Desktop\IFS\Automation_Sample\IFS_AutoSample\bin\Release\IFSPOC_new.apk,
                     networkConnectionEnabled=true, recreateChromeDriverSessions=true, warnings={}, appWaitPackage=null, databaseEnabled=false,
                     version=, deviceName=emulator-5554, platform=ANDROID, appActivity=null, chromedriverExecutable=./liblocal/chromedriver_2.20/chromedriver,
                     desired={appPackage=null, app=C:\Users\srinivas.bavirisetti\Desktop\IFS\Automation_Sample\IFS_AutoSample\bin\Release\IFSPOC_new.apk,
                     recreateChromeDriverSessions=true, appWaitPackage=null, version=, deviceName=Android Emulator, platform=ANDROID, appActivity=null,
                     chromedriverExecutable=./liblocal/chromedriver_2.20/chromedriver, newCommandTimeout=200, platformVersion=7.0, automationName=Appium,
                     browserName=, takesScreenshot=true, platformName=Android, autoAcceptAlerts=true}, newCommandTimeout=200, platformVersion=6.0,
                     webStorageEnabled=false, locationContextEnabled=false, automationName=Appium, browserName=, takesScreenshot=true, javascriptEnabled=true,
                     platformName=Android, autoAcceptAlerts=true}]
                     Session ID: aaed9662-9b30-44cd-8cbc-bb8335f6fabc
                     *** Element info: {Using=xpath, value=Login Failed}
                     
                  </a>
                  					 
                  				
               </td>
            </tr>
            <tr>
               <td colspan="4" class="detailsBox">
                  <div id="mwo.tests.LoginTests_testInValidLogin_byClass_FAIL4_details"
                       class="testMethodDetails">
                     <div>
                        <b>Name: </b>testInValidLogin
                     </div>
                     <div>
                        <b>Signature: </b>testInValidLogin()[pri:0, instance:mwo.tests.LoginTests@1fee20c]
                     </div>
                     <div>
                        <b>Start time: </b>02:08:26
                     </div>
                     <div>
                        <b>End time: </b>02:08:58
                     </div>
                     <div>
                        <b>Duration: </b>32
                        				s
                        			
                     </div>
                  </div>
               </td>
            </tr>
            <tr>
               <td colspan="4" class="detailsBox">
                  <div id="mwo.tests.LoginTests_testInValidLogin_byClass_FAIL4_exception"
                       class="testMethodDetails">
                     <pre style="padding: 5px; margin: 0;">org.openqa.selenium.InvalidSelectorException: Argument was an invalid selector (e.g. XPath/CSS). (WARNING: The server did
                        not provide any stacktrace information)
                        Command duration or timeout: 23 milliseconds
                        For documentation on this error, please visit: http://seleniumhq.org/exceptions/invalid_selector_exception.html
                        Build info: version: '2.53.0', revision: '35ae25b', time: '2016-03-15 16:57:40'
                        System info: host: 'BDC7-L-1Z7XLV1', ip: '192.168.56.1', os.name: 'Windows 7', os.arch: 'x86', os.version: '6.1', java.version:
                        '1.8.0_60'
                        Driver info: io.appium.java_client.android.AndroidDriver
                        Capabilities [{appPackage=null, app=C:\Users\srinivas.bavirisetti\Desktop\IFS\Automation_Sample\IFS_AutoSample\bin\Release\IFSPOC_new.apk,
                        networkConnectionEnabled=true, recreateChromeDriverSessions=true, warnings={}, appWaitPackage=null, databaseEnabled=false,
                        version=, deviceName=emulator-5554, platform=ANDROID, appActivity=null, chromedriverExecutable=./liblocal/chromedriver_2.20/chromedriver,
                        desired={appPackage=null, app=C:\Users\srinivas.bavirisetti\Desktop\IFS\Automation_Sample\IFS_AutoSample\bin\Release\IFSPOC_new.apk,
                        recreateChromeDriverSessions=true, appWaitPackage=null, version=, deviceName=Android Emulator, platform=ANDROID, appActivity=null,
                        chromedriverExecutable=./liblocal/chromedriver_2.20/chromedriver, newCommandTimeout=200, platformVersion=7.0, automationName=Appium,
                        browserName=, takesScreenshot=true, platformName=Android, autoAcceptAlerts=true}, newCommandTimeout=200, platformVersion=6.0,
                        webStorageEnabled=false, locationContextEnabled=false, automationName=Appium, browserName=, takesScreenshot=true, javascriptEnabled=true,
                        platformName=Android, autoAcceptAlerts=true}]
                        Session ID: aaed9662-9b30-44cd-8cbc-bb8335f6fabc
                        *** Element info: {Using=xpath, value=Login Failed}
                        	at sun.reflect.NativeConstructorAccessorImpl.newInstance0(Native Method)
                        	at sun.reflect.NativeConstructorAccessorImpl.newInstance(NativeConstructorAccessorImpl.java:62)
                        	at sun.reflect.DelegatingConstructorAccessorImpl.newInstance(DelegatingConstructorAccessorImpl.java:45)
                        	at java.lang.reflect.Constructor.newInstance(Constructor.java:422)
                        	at org.openqa.selenium.remote.ErrorHandler.createThrowable(ErrorHandler.java:206)
                        	at org.openqa.selenium.remote.ErrorHandler.throwIfResponseFailed(ErrorHandler.java:158)
                        	at org.openqa.selenium.remote.RemoteWebDriver.execute(RemoteWebDriver.java:678)
                        	at io.appium.java_client.DefaultGenericMobileDriver.execute(DefaultGenericMobileDriver.java:43)
                        	at io.appium.java_client.AppiumDriver.execute(AppiumDriver.java:1)
                        	at io.appium.java_client.android.AndroidDriver.execute(AndroidDriver.java:1)
                        	at org.openqa.selenium.remote.RemoteWebDriver.findElements(RemoteWebDriver.java:388)
                        	at org.openqa.selenium.remote.RemoteWebDriver.findElementsByXPath(RemoteWebDriver.java:504)
                        	at io.appium.java_client.DefaultGenericMobileDriver.findElementsByXPath(DefaultGenericMobileDriver.java:133)
                        	at io.appium.java_client.AppiumDriver.findElementsByXPath(AppiumDriver.java:208)
                        	at org.openqa.selenium.By$ByXPath.findElements(By.java:356)
                        	at org.openqa.selenium.remote.RemoteWebDriver.findElements(RemoteWebDriver.java:351)
                        	at io.appium.java_client.DefaultGenericMobileDriver.findElements(DefaultGenericMobileDriver.java:47)
                        	at io.appium.java_client.AppiumDriver.findElements(AppiumDriver.java:176)
                        	at com.appium.base.PageBase.isElementPresent(Unknown Source)
                        	at mwo.pages.LoginPage.invalidLoginVerification(Unknown Source)
                        	at mwo.tests.LoginTests.testInValidLogin(Unknown Source)
                        	at sun.reflect.NativeMethodAccessorImpl.invoke0(Native Method)
                        	at sun.reflect.NativeMethodAccessorImpl.invoke(NativeMethodAccessorImpl.java:62)
                        	at sun.reflect.DelegatingMethodAccessorImpl.invoke(DelegatingMethodAccessorImpl.java:43)
                        	at java.lang.reflect.Method.invoke(Method.java:497)
                        	at org.testng.internal.MethodInvocationHelper.invokeMethod(MethodInvocationHelper.java:85)
                        	at org.testng.internal.Invoker.invokeMethod(Invoker.java:639)
                        	at org.testng.internal.Invoker.invokeTestMethod(Invoker.java:816)
                        	at org.testng.internal.Invoker.invokeTestMethods(Invoker.java:1124)
                        	at org.testng.internal.TestMethodWorker.invokeTestMethods(TestMethodWorker.java:125)
                        	at org.testng.internal.TestMethodWorker.run(TestMethodWorker.java:108)
                        	at org.testng.TestRunner.privateRun(TestRunner.java:774)
                        	at org.testng.TestRunner.run(TestRunner.java:624)
                        	at org.testng.SuiteRunner.runTest(SuiteRunner.java:359)
                        	at org.testng.SuiteRunner.runSequentially(SuiteRunner.java:354)
                        	at org.testng.SuiteRunner.privateRun(SuiteRunner.java:312)
                        	at org.testng.SuiteRunner.run(SuiteRunner.java:261)
                        	at org.testng.SuiteRunnerWorker.runSuite(SuiteRunnerWorker.java:52)
                        	at org.testng.SuiteRunnerWorker.run(SuiteRunnerWorker.java:86)
                        	at org.testng.TestNG.runSuitesSequentially(TestNG.java:1215)
                        	at org.testng.TestNG.runSuitesLocally(TestNG.java:1140)
                        	at org.testng.TestNG.run(TestNG.java:1048)
                        	at org.testng.TestNG.privateMain(TestNG.java:1355)
                        	at org.testng.TestNG.main(TestNG.java:1324)
                     </pre>
                  </div>
               </td>
            </tr>
            <tr id="mwo.tests.LoginTests_afterMethod_byClass_PASS5_row"
                class="testMethodStatusPASS testMethodStatusCONF">
               <td width="100%" class="firstMethodCell">
                  <a onclick="toggleDetailsVisibility('mwo.tests.LoginTests_afterMethod_byClass_PASS5_details')">afterMethod([TestResult name=testInValidLogin status=FAILURE method=LoginTests.testInValidLogin()[pri:0, instance:mwo.tests.LoginTests@1fee20c]
                     output=We are in Android, now checking for Alert messages...])
                  </a>
               </td>
               <td nowrap="true">02:08:58</td>
               <td nowrap="true" align="right">7
                  				s
                  			
               </td>
               <td nowrap="true">
                  					 
                  				
               </td>
            </tr>
            <tr>
               <td colspan="4" class="detailsBox">
                  <div id="mwo.tests.LoginTests_afterMethod_byClass_PASS5_details"
                       class="testMethodDetails">
                     <div>
                        <b>Name: </b>afterMethod
                     </div>
                     <div>
                        <b>Signature: </b>afterMethod(org.testng.ITestResult)[pri:0, instance:mwo.tests.LoginTests@1fee20c]
                     </div>
                     <div>
                        <b>Parameters: </b>
                        
                        [TestResult name=testInValidLogin status=FAILURE method=LoginTests.testInValidLogin()[pri:0, instance:mwo.tests.LoginTests@1fee20c]
                        output=We are in Android, now checking for Alert messages...]
                        
                        
                     </div>
                     <div>
                        <b>Start time: </b>02:08:58
                     </div>
                     <div>
                        <b>End time: </b>02:09:06
                     </div>
                     <div>
                        <b>Duration: </b>7
                        				s
                        			
                     </div>
                  </div>
               </td>
            </tr>
            <tr></tr>
            <tr id="mwo.tests.LoginTests_beforeMethod_byClass_PASS6_row"
                class="testMethodStatusPASS testMethodStatusCONF">
               <td width="100%" class="firstMethodCell">
                  <a onclick="toggleDetailsVisibility('mwo.tests.LoginTests_beforeMethod_byClass_PASS6_details')">beforeMethod(public void mwo.tests.LoginTests.testValidLogin() throws java.lang.Exception)</a>
               </td>
               <td nowrap="true">02:09:06</td>
               <td nowrap="true" align="right">16
                  				s
                  			
               </td>
               <td nowrap="true">
                  					 
                  				
               </td>
            </tr>
            <tr>
               <td colspan="4" class="detailsBox">
                  <div id="mwo.tests.LoginTests_beforeMethod_byClass_PASS6_details"
                       class="testMethodDetails">
                     <div>
                        <b>Name: </b>beforeMethod
                     </div>
                     <div>
                        <b>Signature: </b>beforeMethod(java.lang.reflect.Method)[pri:0, instance:mwo.tests.LoginTests@1fee20c]
                     </div>
                     <div>
                        <b>Parameters: </b>
                        
                        public void mwo.tests.LoginTests.testValidLogin() throws java.lang.Exception
                        
                        
                     </div>
                     <div>
                        <b>Start time: </b>02:09:06
                     </div>
                     <div>
                        <b>End time: </b>02:09:23
                     </div>
                     <div>
                        <b>Duration: </b>16
                        				s
                        			
                     </div>
                  </div>
               </td>
            </tr>
            <tr></tr>
            <tr id="mwo.tests.LoginTests_testValidLogin_byClass_FAIL7_row"
                class="testMethodStatusFAIL">
               <td width="100%" class="firstMethodCell">
                  <a onclick="toggleDetailsVisibility('mwo.tests.LoginTests_testValidLogin_byClass_FAIL7_details')">testValidLogin()</a>
               </td>
               <td nowrap="true">02:09:23</td>
               <td nowrap="true" align="right">31
                  				s
                  			
               </td>
               <td nowrap="true">
                  <a onclick="toggleDetailsVisibility('mwo.tests.LoginTests_testValidLogin_byClass_FAIL7_exception')">org.openqa.selenium.InvalidSelectorException: 
                     Argument was an invalid selector (e.g. XPath/CSS). (WARNING: The server did not provide any stacktrace information)
                     Command duration or timeout: 30 milliseconds
                     For documentation on this error, please visit: http://seleniumhq.org/exceptions/invalid_selector_exception.html
                     Build info: version: '2.53.0', revision: '35ae25b', time: '2016-03-15 16:57:40'
                     System info: host: 'BDC7-L-1Z7XLV1', ip: '192.168.56.1', os.name: 'Windows 7', os.arch: 'x86', os.version: '6.1', java.version:
                     '1.8.0_60'
                     Driver info: io.appium.java_client.android.AndroidDriver
                     Capabilities [{appPackage=null, app=C:\Users\srinivas.bavirisetti\Desktop\IFS\Automation_Sample\IFS_AutoSample\bin\Release\IFSPOC_new.apk,
                     networkConnectionEnabled=true, recreateChromeDriverSessions=true, warnings={}, appWaitPackage=null, databaseEnabled=false,
                     version=, deviceName=emulator-5554, platform=ANDROID, appActivity=null, chromedriverExecutable=./liblocal/chromedriver_2.20/chromedriver,
                     desired={appPackage=null, app=C:\Users\srinivas.bavirisetti\Desktop\IFS\Automation_Sample\IFS_AutoSample\bin\Release\IFSPOC_new.apk,
                     recreateChromeDriverSessions=true, appWaitPackage=null, version=, deviceName=Android Emulator, platform=ANDROID, appActivity=null,
                     chromedriverExecutable=./liblocal/chromedriver_2.20/chromedriver, newCommandTimeout=200, platformVersion=7.0, automationName=Appium,
                     browserName=, takesScreenshot=true, platformName=Android, autoAcceptAlerts=true}, newCommandTimeout=200, platformVersion=6.0,
                     webStorageEnabled=false, locationContextEnabled=false, automationName=Appium, browserName=, takesScreenshot=true, javascriptEnabled=true,
                     platformName=Android, autoAcceptAlerts=true}]
                     Session ID: 7b411c02-da95-447d-acf3-a50c039206cb
                     *** Element info: {Using=xpath, value=Login Successfull}
                     
                  </a>
                  					 
                  				
               </td>
            </tr>
            <tr>
               <td colspan="4" class="detailsBox">
                  <div id="mwo.tests.LoginTests_testValidLogin_byClass_FAIL7_details"
                       class="testMethodDetails">
                     <div>
                        <b>Name: </b>testValidLogin
                     </div>
                     <div>
                        <b>Signature: </b>testValidLogin()[pri:0, instance:mwo.tests.LoginTests@1fee20c]
                     </div>
                     <div>
                        <b>Start time: </b>02:09:23
                     </div>
                     <div>
                        <b>End time: </b>02:09:55
                     </div>
                     <div>
                        <b>Duration: </b>31
                        				s
                        			
                     </div>
                  </div>
               </td>
            </tr>
            <tr>
               <td colspan="4" class="detailsBox">
                  <div id="mwo.tests.LoginTests_testValidLogin_byClass_FAIL7_exception"
                       class="testMethodDetails">
                     <pre style="padding: 5px; margin: 0;">org.openqa.selenium.InvalidSelectorException: Argument was an invalid selector (e.g. XPath/CSS). (WARNING: The server did
                        not provide any stacktrace information)
                        Command duration or timeout: 30 milliseconds
                        For documentation on this error, please visit: http://seleniumhq.org/exceptions/invalid_selector_exception.html
                        Build info: version: '2.53.0', revision: '35ae25b', time: '2016-03-15 16:57:40'
                        System info: host: 'BDC7-L-1Z7XLV1', ip: '192.168.56.1', os.name: 'Windows 7', os.arch: 'x86', os.version: '6.1', java.version:
                        '1.8.0_60'
                        Driver info: io.appium.java_client.android.AndroidDriver
                        Capabilities [{appPackage=null, app=C:\Users\srinivas.bavirisetti\Desktop\IFS\Automation_Sample\IFS_AutoSample\bin\Release\IFSPOC_new.apk,
                        networkConnectionEnabled=true, recreateChromeDriverSessions=true, warnings={}, appWaitPackage=null, databaseEnabled=false,
                        version=, deviceName=emulator-5554, platform=ANDROID, appActivity=null, chromedriverExecutable=./liblocal/chromedriver_2.20/chromedriver,
                        desired={appPackage=null, app=C:\Users\srinivas.bavirisetti\Desktop\IFS\Automation_Sample\IFS_AutoSample\bin\Release\IFSPOC_new.apk,
                        recreateChromeDriverSessions=true, appWaitPackage=null, version=, deviceName=Android Emulator, platform=ANDROID, appActivity=null,
                        chromedriverExecutable=./liblocal/chromedriver_2.20/chromedriver, newCommandTimeout=200, platformVersion=7.0, automationName=Appium,
                        browserName=, takesScreenshot=true, platformName=Android, autoAcceptAlerts=true}, newCommandTimeout=200, platformVersion=6.0,
                        webStorageEnabled=false, locationContextEnabled=false, automationName=Appium, browserName=, takesScreenshot=true, javascriptEnabled=true,
                        platformName=Android, autoAcceptAlerts=true}]
                        Session ID: 7b411c02-da95-447d-acf3-a50c039206cb
                        *** Element info: {Using=xpath, value=Login Successfull}
                        	at sun.reflect.NativeConstructorAccessorImpl.newInstance0(Native Method)
                        	at sun.reflect.NativeConstructorAccessorImpl.newInstance(NativeConstructorAccessorImpl.java:62)
                        	at sun.reflect.DelegatingConstructorAccessorImpl.newInstance(DelegatingConstructorAccessorImpl.java:45)
                        	at java.lang.reflect.Constructor.newInstance(Constructor.java:422)
                        	at org.openqa.selenium.remote.ErrorHandler.createThrowable(ErrorHandler.java:206)
                        	at org.openqa.selenium.remote.ErrorHandler.throwIfResponseFailed(ErrorHandler.java:158)
                        	at org.openqa.selenium.remote.RemoteWebDriver.execute(RemoteWebDriver.java:678)
                        	at io.appium.java_client.DefaultGenericMobileDriver.execute(DefaultGenericMobileDriver.java:43)
                        	at io.appium.java_client.AppiumDriver.execute(AppiumDriver.java:1)
                        	at io.appium.java_client.android.AndroidDriver.execute(AndroidDriver.java:1)
                        	at org.openqa.selenium.remote.RemoteWebDriver.findElements(RemoteWebDriver.java:388)
                        	at org.openqa.selenium.remote.RemoteWebDriver.findElementsByXPath(RemoteWebDriver.java:504)
                        	at io.appium.java_client.DefaultGenericMobileDriver.findElementsByXPath(DefaultGenericMobileDriver.java:133)
                        	at io.appium.java_client.AppiumDriver.findElementsByXPath(AppiumDriver.java:208)
                        	at org.openqa.selenium.By$ByXPath.findElements(By.java:356)
                        	at org.openqa.selenium.remote.RemoteWebDriver.findElements(RemoteWebDriver.java:351)
                        	at io.appium.java_client.DefaultGenericMobileDriver.findElements(DefaultGenericMobileDriver.java:47)
                        	at io.appium.java_client.AppiumDriver.findElements(AppiumDriver.java:176)
                        	at com.appium.base.PageBase.isElementPresent(Unknown Source)
                        	at mwo.pages.LoginPage.validLoginVerification(Unknown Source)
                        	at mwo.tests.LoginTests.testValidLogin(Unknown Source)
                        	at sun.reflect.NativeMethodAccessorImpl.invoke0(Native Method)
                        	at sun.reflect.NativeMethodAccessorImpl.invoke(NativeMethodAccessorImpl.java:62)
                        	at sun.reflect.DelegatingMethodAccessorImpl.invoke(DelegatingMethodAccessorImpl.java:43)
                        	at java.lang.reflect.Method.invoke(Method.java:497)
                        	at org.testng.internal.MethodInvocationHelper.invokeMethod(MethodInvocationHelper.java:85)
                        	at org.testng.internal.Invoker.invokeMethod(Invoker.java:639)
                        	at org.testng.internal.Invoker.invokeTestMethod(Invoker.java:816)
                        	at org.testng.internal.Invoker.invokeTestMethods(Invoker.java:1124)
                        	at org.testng.internal.TestMethodWorker.invokeTestMethods(TestMethodWorker.java:125)
                        	at org.testng.internal.TestMethodWorker.run(TestMethodWorker.java:108)
                        	at org.testng.TestRunner.privateRun(TestRunner.java:774)
                        	at org.testng.TestRunner.run(TestRunner.java:624)
                        	at org.testng.SuiteRunner.runTest(SuiteRunner.java:359)
                        	at org.testng.SuiteRunner.runSequentially(SuiteRunner.java:354)
                        	at org.testng.SuiteRunner.privateRun(SuiteRunner.java:312)
                        	at org.testng.SuiteRunner.run(SuiteRunner.java:261)
                        	at org.testng.SuiteRunnerWorker.runSuite(SuiteRunnerWorker.java:52)
                        	at org.testng.SuiteRunnerWorker.run(SuiteRunnerWorker.java:86)
                        	at org.testng.TestNG.runSuitesSequentially(TestNG.java:1215)
                        	at org.testng.TestNG.runSuitesLocally(TestNG.java:1140)
                        	at org.testng.TestNG.run(TestNG.java:1048)
                        	at org.testng.TestNG.privateMain(TestNG.java:1355)
                        	at org.testng.TestNG.main(TestNG.java:1324)
                     </pre>
                  </div>
               </td>
            </tr>
            <tr id="mwo.tests.LoginTests_afterMethod_byClass_PASS8_row"
                class="testMethodStatusPASS testMethodStatusCONF">
               <td width="100%" class="firstMethodCell">
                  <a onclick="toggleDetailsVisibility('mwo.tests.LoginTests_afterMethod_byClass_PASS8_details')">afterMethod([TestResult name=testValidLogin status=FAILURE method=LoginTests.testValidLogin()[pri:0, instance:mwo.tests.LoginTests@1fee20c]
                     output=We are in Android, now checking for Alert messages...])
                  </a>
               </td>
               <td nowrap="true">02:09:55</td>
               <td nowrap="true" align="right">5
                  				s
                  			
               </td>
               <td nowrap="true">
                  					 
                  				
               </td>
            </tr>
            <tr>
               <td colspan="4" class="detailsBox">
                  <div id="mwo.tests.LoginTests_afterMethod_byClass_PASS8_details"
                       class="testMethodDetails">
                     <div>
                        <b>Name: </b>afterMethod
                     </div>
                     <div>
                        <b>Signature: </b>afterMethod(org.testng.ITestResult)[pri:0, instance:mwo.tests.LoginTests@1fee20c]
                     </div>
                     <div>
                        <b>Parameters: </b>
                        
                        [TestResult name=testValidLogin status=FAILURE method=LoginTests.testValidLogin()[pri:0, instance:mwo.tests.LoginTests@1fee20c]
                        output=We are in Android, now checking for Alert messages...]
                        
                        
                     </div>
                     <div>
                        <b>Start time: </b>02:09:55
                     </div>
                     <div>
                        <b>End time: </b>02:10:00
                     </div>
                     <div>
                        <b>Duration: </b>5
                        				s
                        			
                     </div>
                  </div>
               </td>
            </tr>
            <tr></tr>
            <tr id="mwo.tests.LoginTests_afterClass_byClass_PASS9_row"
                class="testMethodStatusPASS testMethodStatusCONF">
               <td width="100%" class="firstMethodCell">
                  <a onclick="toggleDetailsVisibility('mwo.tests.LoginTests_afterClass_byClass_PASS9_details')">afterClass()</a>
               </td>
               <td nowrap="true">02:10:00</td>
               <td nowrap="true" align="right">0
                  			 ms
                  		
               </td>
               <td nowrap="true">
                  					 
                  				
               </td>
            </tr>
            <tr>
               <td colspan="4" class="detailsBox">
                  <div id="mwo.tests.LoginTests_afterClass_byClass_PASS9_details"
                       class="testMethodDetails">
                     <div>
                        <b>Name: </b>afterClass
                     </div>
                     <div>
                        <b>Signature: </b>afterClass()[pri:0, instance:mwo.tests.LoginTests@1fee20c]
                     </div>
                     <div>
                        <b>Start time: </b>02:10:00
                     </div>
                     <div>
                        <b>End time: </b>02:10:00
                     </div>
                     <div>
                        <b>Duration: </b>0
                        			 ms
                        		
                     </div>
                  </div>
               </td>
            </tr>
            <tr></tr>
            <tr id="mwo.tests.LoginTests_afterSuite_byClass_PASS10_row"
                class="testMethodStatusPASS testMethodStatusCONF">
               <td width="100%" class="firstMethodCell">
                  <a onclick="toggleDetailsVisibility('mwo.tests.LoginTests_afterSuite_byClass_PASS10_details')">afterSuite()</a>
               </td>
               <td nowrap="true">02:10:00</td>
               <td nowrap="true" align="right">623
                  			 ms
                  		
               </td>
               <td nowrap="true">
                  					 
                  				
               </td>
            </tr>
            <tr>
               <td colspan="4" class="detailsBox">
                  <div id="mwo.tests.LoginTests_afterSuite_byClass_PASS10_details"
                       class="testMethodDetails">
                     <div>
                        <b>Name: </b>afterSuite
                     </div>
                     <div>
                        <b>Signature: </b>afterSuite()[pri:0, instance:mwo.tests.LoginTests@1fee20c]
                     </div>
                     <div>
                        <b>Start time: </b>02:10:00
                     </div>
                     <div>
                        <b>End time: </b>02:10:01
                     </div>
                     <div>
                        <b>Duration: </b>623
                        			 ms
                        		
                     </div>
                  </div>
               </td>
            </tr>
            <tr></tr>
         </table>
         <br></br>
      </div>
      <div style="margin-top: 15px; color: gray; text-align: center; font-size: 9px;">
         			Generated with
         			
         <a href="http://code.google.com/p/testng-xslt/" style="color: #8888aa;"
            target="_blank">
            				TestNG XSLT
            			
         </a>
      </div>
   </body>
</html>