<?xml version="1.0" encoding="UTF-8"?>
<testng-results skipped="0" failed="0" total="2" passed="2">
  <reporter-output>
    <line>
      <![CDATA[We are in Android, now checking for Alert messages...]]>
    </line>
    <line>
      <![CDATA[We are in Android, now checking for Alert messages...]]>
    </line>
  </reporter-output>
  <suite name="POC_Automation_TestSuite" duration-ms="140144" started-at="2017-01-13T11:21:54Z" finished-at="2017-01-13T11:24:14Z">
    <groups>
      <group name="Final.Regression.iOS">
        <method signature="LoginTests.testInValidLogin()[pri:0, instance:poc_app.tests.LoginTests@3e6358]" name="testInValidLogin" class="poc_app.tests.LoginTests"/>
        <method signature="LoginTests.testValidLogin()[pri:0, instance:poc_app.tests.LoginTests@3e6358]" name="testValidLogin" class="poc_app.tests.LoginTests"/>
      </group> <!-- Final.Regression.iOS -->
      <group name="Final.Regression.Android">
        <method signature="LoginTests.testInValidLogin()[pri:0, instance:poc_app.tests.LoginTests@3e6358]" name="testInValidLogin" class="poc_app.tests.LoginTests"/>
        <method signature="LoginTests.testValidLogin()[pri:0, instance:poc_app.tests.LoginTests@3e6358]" name="testValidLogin" class="poc_app.tests.LoginTests"/>
      </group> <!-- Final.Regression.Android -->
    </groups>
    <test name="Test" duration-ms="140144" started-at="2017-01-13T11:21:54Z" finished-at="2017-01-13T11:24:14Z">
      <class name="poc_app.tests.LoginTests">
        <test-method status="PASS" signature="beforeSuite()[pri:0, instance:poc_app.tests.LoginTests@3e6358]" name="beforeSuite" is-config="true" duration-ms="28779" started-at="2017-01-13T16:51:25Z" finished-at="2017-01-13T16:51:54Z">
          <reporter-output>
          </reporter-output>
        </test-method> <!-- beforeSuite -->
        <test-method status="PASS" signature="beforeClass()[pri:0, instance:poc_app.tests.LoginTests@3e6358]" name="beforeClass" is-config="true" duration-ms="0" started-at="2017-01-13T16:51:54Z" finished-at="2017-01-13T16:51:54Z">
          <reporter-output>
          </reporter-output>
        </test-method> <!-- beforeClass -->
        <test-method status="PASS" signature="beforeMethod(java.lang.reflect.Method)[pri:0, instance:poc_app.tests.LoginTests@3e6358]" name="beforeMethod" is-config="true" duration-ms="26917" started-at="2017-01-13T16:51:54Z" finished-at="2017-01-13T16:52:21Z">
          <params>
            <param index="0">
              <value>
                <![CDATA[public void poc_app.tests.LoginTests.testInValidLogin() throws java.lang.Exception]]>
              </value>
            </param>
          </params>
          <reporter-output>
          </reporter-output>
        </test-method> <!-- beforeMethod -->
        <test-method status="PASS" signature="testInValidLogin()[pri:0, instance:poc_app.tests.LoginTests@3e6358]" name="testInValidLogin" duration-ms="33580" started-at="2017-01-13T16:52:21Z" finished-at="2017-01-13T16:52:54Z">
          <reporter-output>
            <line>
              <![CDATA[We are in Android, now checking for Alert messages...]]>
            </line>
          </reporter-output>
        </test-method> <!-- testInValidLogin -->
        <test-method status="PASS" signature="afterMethod(org.testng.ITestResult)[pri:0, instance:poc_app.tests.LoginTests@3e6358]" name="afterMethod" is-config="true" duration-ms="9554" started-at="2017-01-13T16:52:54Z" finished-at="2017-01-13T16:53:04Z">
          <params>
            <param index="0">
              <value>
                <![CDATA[[TestResult name=testInValidLogin status=SUCCESS method=LoginTests.testInValidLogin()[pri:0, instance:poc_app.tests.LoginTests@3e6358] output=We are in Android, now checking for Alert messages...]]]>
              </value>
            </param>
          </params>
          <reporter-output>
          </reporter-output>
        </test-method> <!-- afterMethod -->
        <test-method status="PASS" signature="beforeMethod(java.lang.reflect.Method)[pri:0, instance:poc_app.tests.LoginTests@3e6358]" name="beforeMethod" is-config="true" duration-ms="26202" started-at="2017-01-13T16:53:04Z" finished-at="2017-01-13T16:53:30Z">
          <params>
            <param index="0">
              <value>
                <![CDATA[public void poc_app.tests.LoginTests.testValidLogin() throws java.lang.Exception]]>
              </value>
            </param>
          </params>
          <reporter-output>
          </reporter-output>
        </test-method> <!-- beforeMethod -->
        <test-method status="PASS" signature="testValidLogin()[pri:0, instance:poc_app.tests.LoginTests@3e6358]" name="testValidLogin" duration-ms="36523" started-at="2017-01-13T16:53:30Z" finished-at="2017-01-13T16:54:07Z">
          <reporter-output>
            <line>
              <![CDATA[We are in Android, now checking for Alert messages...]]>
            </line>
          </reporter-output>
        </test-method> <!-- testValidLogin -->
        <test-method status="PASS" signature="afterMethod(org.testng.ITestResult)[pri:0, instance:poc_app.tests.LoginTests@3e6358]" name="afterMethod" is-config="true" duration-ms="7355" started-at="2017-01-13T16:54:07Z" finished-at="2017-01-13T16:54:14Z">
          <params>
            <param index="0">
              <value>
                <![CDATA[[TestResult name=testValidLogin status=SUCCESS method=LoginTests.testValidLogin()[pri:0, instance:poc_app.tests.LoginTests@3e6358] output=We are in Android, now checking for Alert messages...]]]>
              </value>
            </param>
          </params>
          <reporter-output>
          </reporter-output>
        </test-method> <!-- afterMethod -->
        <test-method status="PASS" signature="afterClass()[pri:0, instance:poc_app.tests.LoginTests@3e6358]" name="afterClass" is-config="true" duration-ms="0" started-at="2017-01-13T16:54:14Z" finished-at="2017-01-13T16:54:14Z">
          <reporter-output>
          </reporter-output>
        </test-method> <!-- afterClass -->
        <test-method status="PASS" signature="afterSuite()[pri:0, instance:poc_app.tests.LoginTests@3e6358]" name="afterSuite" is-config="true" duration-ms="1843" started-at="2017-01-13T16:54:14Z" finished-at="2017-01-13T16:54:16Z">
          <reporter-output>
          </reporter-output>
        </test-method> <!-- afterSuite -->
      </class> <!-- poc_app.tests.LoginTests -->
    </test> <!-- Test -->
  </suite> <!-- POC_Automation_TestSuite -->
</testng-results>
