<?xml version="1.0" encoding="UTF-8"?>
<!-- Generated by org.testng.reporters.JUnitXMLReporter -->
<testsuite hostname="BDC7-L-1Z7XLV1" name="Test" tests="2" failures="2" timestamp="21 Dec 2016 20:40:00 GMT" time="111.803" errors="0">
  <testcase name="testInValidLogin" time="32.506" classname="mwo.tests.LoginTests">
    <failure type="org.openqa.selenium.InvalidSelectorException" message="Argument was an invalid selector (e.g. XPath/CSS). (WARNING: The server did not provide any stacktrace information)
Command duration or timeout: 23 milliseconds
For documentation on this error, please visit: http://seleniumhq.org/exceptions/invalid_selector_exception.html
Build info: version: &amp;apos;2.53.0&amp;apos;, revision: &amp;apos;35ae25b&amp;apos;, time: &amp;apos;2016-03-15 16:57:40&amp;apos;
System info: host: &amp;apos;BDC7-L-1Z7XLV1&amp;apos;, ip: &amp;apos;192.168.56.1&amp;apos;, os.name: &amp;apos;Windows 7&amp;apos;, os.arch: &amp;apos;x86&amp;apos;, os.version: &amp;apos;6.1&amp;apos;, java.version: &amp;apos;1.8.0_60&amp;apos;
Driver info: io.appium.java_client.android.AndroidDriver
Capabilities [{appPackage=null, app=C:\Users\srinivas.bavirisetti\Desktop\IFS\Automation_Sample\IFS_AutoSample\bin\Release\IFSPOC_new.apk, networkConnectionEnabled=true, recreateChromeDriverSessions=true, warnings={}, appWaitPackage=null, databaseEnabled=false, version=, deviceName=emulator-5554, platform=ANDROID, appActivity=null, chromedriverExecutable=./liblocal/chromedriver_2.20/chromedriver, desired={appPackage=null, app=C:\Users\srinivas.bavirisetti\Desktop\IFS\Automation_Sample\IFS_AutoSample\bin\Release\IFSPOC_new.apk, recreateChromeDriverSessions=true, appWaitPackage=null, version=, deviceName=Android Emulator, platform=ANDROID, appActivity=null, chromedriverExecutable=./liblocal/chromedriver_2.20/chromedriver, newCommandTimeout=200, platformVersion=7.0, automationName=Appium, browserName=, takesScreenshot=true, platformName=Android, autoAcceptAlerts=true}, newCommandTimeout=200, platformVersion=6.0, webStorageEnabled=false, locationContextEnabled=false, automationName=Appium, browserName=, takesScreenshot=true, javascriptEnabled=true, platformName=Android, autoAcceptAlerts=true}]
Session ID: aaed9662-9b30-44cd-8cbc-bb8335f6fabc
*** Element info: {Using=xpath, value=Login Failed}">
      <![CDATA[org.openqa.selenium.InvalidSelectorException: Argument was an invalid selector (e.g. XPath/CSS). (WARNING: The server did not provide any stacktrace information)
Command duration or timeout: 23 milliseconds
For documentation on this error, please visit: http://seleniumhq.org/exceptions/invalid_selector_exception.html
Build info: version: '2.53.0', revision: '35ae25b', time: '2016-03-15 16:57:40'
System info: host: 'BDC7-L-1Z7XLV1', ip: '192.168.56.1', os.name: 'Windows 7', os.arch: 'x86', os.version: '6.1', java.version: '1.8.0_60'
Driver info: io.appium.java_client.android.AndroidDriver
Capabilities [{appPackage=null, app=C:\Users\srinivas.bavirisetti\Desktop\IFS\Automation_Sample\IFS_AutoSample\bin\Release\IFSPOC_new.apk, networkConnectionEnabled=true, recreateChromeDriverSessions=true, warnings={}, appWaitPackage=null, databaseEnabled=false, version=, deviceName=emulator-5554, platform=ANDROID, appActivity=null, chromedriverExecutable=./liblocal/chromedriver_2.20/chromedriver, desired={appPackage=null, app=C:\Users\srinivas.bavirisetti\Desktop\IFS\Automation_Sample\IFS_AutoSample\bin\Release\IFSPOC_new.apk, recreateChromeDriverSessions=true, appWaitPackage=null, version=, deviceName=Android Emulator, platform=ANDROID, appActivity=null, chromedriverExecutable=./liblocal/chromedriver_2.20/chromedriver, newCommandTimeout=200, platformVersion=7.0, automationName=Appium, browserName=, takesScreenshot=true, platformName=Android, autoAcceptAlerts=true}, newCommandTimeout=200, platformVersion=6.0, webStorageEnabled=false, locationContextEnabled=false, automationName=Appium, browserName=, takesScreenshot=true, javascriptEnabled=true, platformName=Android, autoAcceptAlerts=true}]
Session ID: aaed9662-9b30-44cd-8cbc-bb8335f6fabc
*** Element info: {Using=xpath, value=Login Failed}
	at org.openqa.selenium.remote.ErrorHandler.createThrowable(ErrorHandler.java:206)
	at org.openqa.selenium.remote.ErrorHandler.throwIfResponseFailed(ErrorHandler.java:158)
	at org.openqa.selenium.remote.RemoteWebDriver.execute(RemoteWebDriver.java:678)
	at io.appium.java_client.DefaultGenericMobileDriver.execute(DefaultGenericMobileDriver.java:43)
	at io.appium.java_client.AppiumDriver.execute(AppiumDriver.java:1)
	at io.appium.java_client.android.AndroidDriver.execute(AndroidDriver.java:1)
	at org.openqa.selenium.remote.RemoteWebDriver.findElements(RemoteWebDriver.java:388)
	at org.openqa.selenium.remote.RemoteWebDriver.findElementsByXPath(RemoteWebDriver.java:504)
	at io.appium.java_client.DefaultGenericMobileDriver.findElementsByXPath(DefaultGenericMobileDriver.java:133)
	at io.appium.java_client.AppiumDriver.findElementsByXPath(AppiumDriver.java:208)
	at org.openqa.selenium.By$ByXPath.findElements(By.java:356)
	at org.openqa.selenium.remote.RemoteWebDriver.findElements(RemoteWebDriver.java:351)
	at io.appium.java_client.DefaultGenericMobileDriver.findElements(DefaultGenericMobileDriver.java:47)
	at io.appium.java_client.AppiumDriver.findElements(AppiumDriver.java:176)
	at com.appium.base.PageBase.isElementPresent(Unknown Source)
	at mwo.pages.LoginPage.invalidLoginVerification(Unknown Source)
	at mwo.tests.LoginTests.testInValidLogin(Unknown Source)
... Removed 27 stack frames]]>
    </failure>
  </testcase> <!-- testInValidLogin -->
  <testcase name="testValidLogin" time="31.812" classname="mwo.tests.LoginTests">
    <failure type="org.openqa.selenium.InvalidSelectorException" message="Argument was an invalid selector (e.g. XPath/CSS). (WARNING: The server did not provide any stacktrace information)
Command duration or timeout: 30 milliseconds
For documentation on this error, please visit: http://seleniumhq.org/exceptions/invalid_selector_exception.html
Build info: version: &amp;apos;2.53.0&amp;apos;, revision: &amp;apos;35ae25b&amp;apos;, time: &amp;apos;2016-03-15 16:57:40&amp;apos;
System info: host: &amp;apos;BDC7-L-1Z7XLV1&amp;apos;, ip: &amp;apos;192.168.56.1&amp;apos;, os.name: &amp;apos;Windows 7&amp;apos;, os.arch: &amp;apos;x86&amp;apos;, os.version: &amp;apos;6.1&amp;apos;, java.version: &amp;apos;1.8.0_60&amp;apos;
Driver info: io.appium.java_client.android.AndroidDriver
Capabilities [{appPackage=null, app=C:\Users\srinivas.bavirisetti\Desktop\IFS\Automation_Sample\IFS_AutoSample\bin\Release\IFSPOC_new.apk, networkConnectionEnabled=true, recreateChromeDriverSessions=true, warnings={}, appWaitPackage=null, databaseEnabled=false, version=, deviceName=emulator-5554, platform=ANDROID, appActivity=null, chromedriverExecutable=./liblocal/chromedriver_2.20/chromedriver, desired={appPackage=null, app=C:\Users\srinivas.bavirisetti\Desktop\IFS\Automation_Sample\IFS_AutoSample\bin\Release\IFSPOC_new.apk, recreateChromeDriverSessions=true, appWaitPackage=null, version=, deviceName=Android Emulator, platform=ANDROID, appActivity=null, chromedriverExecutable=./liblocal/chromedriver_2.20/chromedriver, newCommandTimeout=200, platformVersion=7.0, automationName=Appium, browserName=, takesScreenshot=true, platformName=Android, autoAcceptAlerts=true}, newCommandTimeout=200, platformVersion=6.0, webStorageEnabled=false, locationContextEnabled=false, automationName=Appium, browserName=, takesScreenshot=true, javascriptEnabled=true, platformName=Android, autoAcceptAlerts=true}]
Session ID: 7b411c02-da95-447d-acf3-a50c039206cb
*** Element info: {Using=xpath, value=Login Successfull}">
      <![CDATA[org.openqa.selenium.InvalidSelectorException: Argument was an invalid selector (e.g. XPath/CSS). (WARNING: The server did not provide any stacktrace information)
Command duration or timeout: 30 milliseconds
For documentation on this error, please visit: http://seleniumhq.org/exceptions/invalid_selector_exception.html
Build info: version: '2.53.0', revision: '35ae25b', time: '2016-03-15 16:57:40'
System info: host: 'BDC7-L-1Z7XLV1', ip: '192.168.56.1', os.name: 'Windows 7', os.arch: 'x86', os.version: '6.1', java.version: '1.8.0_60'
Driver info: io.appium.java_client.android.AndroidDriver
Capabilities [{appPackage=null, app=C:\Users\srinivas.bavirisetti\Desktop\IFS\Automation_Sample\IFS_AutoSample\bin\Release\IFSPOC_new.apk, networkConnectionEnabled=true, recreateChromeDriverSessions=true, warnings={}, appWaitPackage=null, databaseEnabled=false, version=, deviceName=emulator-5554, platform=ANDROID, appActivity=null, chromedriverExecutable=./liblocal/chromedriver_2.20/chromedriver, desired={appPackage=null, app=C:\Users\srinivas.bavirisetti\Desktop\IFS\Automation_Sample\IFS_AutoSample\bin\Release\IFSPOC_new.apk, recreateChromeDriverSessions=true, appWaitPackage=null, version=, deviceName=Android Emulator, platform=ANDROID, appActivity=null, chromedriverExecutable=./liblocal/chromedriver_2.20/chromedriver, newCommandTimeout=200, platformVersion=7.0, automationName=Appium, browserName=, takesScreenshot=true, platformName=Android, autoAcceptAlerts=true}, newCommandTimeout=200, platformVersion=6.0, webStorageEnabled=false, locationContextEnabled=false, automationName=Appium, browserName=, takesScreenshot=true, javascriptEnabled=true, platformName=Android, autoAcceptAlerts=true}]
Session ID: 7b411c02-da95-447d-acf3-a50c039206cb
*** Element info: {Using=xpath, value=Login Successfull}
	at org.openqa.selenium.remote.ErrorHandler.createThrowable(ErrorHandler.java:206)
	at org.openqa.selenium.remote.ErrorHandler.throwIfResponseFailed(ErrorHandler.java:158)
	at org.openqa.selenium.remote.RemoteWebDriver.execute(RemoteWebDriver.java:678)
	at io.appium.java_client.DefaultGenericMobileDriver.execute(DefaultGenericMobileDriver.java:43)
	at io.appium.java_client.AppiumDriver.execute(AppiumDriver.java:1)
	at io.appium.java_client.android.AndroidDriver.execute(AndroidDriver.java:1)
	at org.openqa.selenium.remote.RemoteWebDriver.findElements(RemoteWebDriver.java:388)
	at org.openqa.selenium.remote.RemoteWebDriver.findElementsByXPath(RemoteWebDriver.java:504)
	at io.appium.java_client.DefaultGenericMobileDriver.findElementsByXPath(DefaultGenericMobileDriver.java:133)
	at io.appium.java_client.AppiumDriver.findElementsByXPath(AppiumDriver.java:208)
	at org.openqa.selenium.By$ByXPath.findElements(By.java:356)
	at org.openqa.selenium.remote.RemoteWebDriver.findElements(RemoteWebDriver.java:351)
	at io.appium.java_client.DefaultGenericMobileDriver.findElements(DefaultGenericMobileDriver.java:47)
	at io.appium.java_client.AppiumDriver.findElements(AppiumDriver.java:176)
	at com.appium.base.PageBase.isElementPresent(Unknown Source)
	at mwo.pages.LoginPage.validLoginVerification(Unknown Source)
	at mwo.tests.LoginTests.testValidLogin(Unknown Source)
... Removed 27 stack frames]]>
    </failure>
  </testcase> <!-- testValidLogin -->
</testsuite> <!-- Test -->
