<?xml version="1.0" encoding="UTF-8"?>
<!-- Generated by org.testng.reporters.JUnitXMLReporter -->
<testsuite hostname="BDC7-L-1Z7XLV1" name="Test" tests="2" failures="0" timestamp="22 Dec 2016 09:44:31 GMT" time="79.931" errors="0">
  <testcase name="@BeforeMethod beforeMethod" time="0.0" classname="mwo.tests.LoginTests">
    <failure type="org.openqa.selenium.SessionNotCreatedException" message="A new session could not be created. (Original error: Command failed: C:\windows\system32\cmd.exe /s /c &amp;quot;C:\Users\srinivas.bavirisetti\AppData\Local\Android\sdk\platform-tools\adb.exe -s adb server version (32) doesn&amp;apos;t match this client (36); killing... wait-for-device&amp;quot;
error: could not install *smartsocket* listener: cannot bind to 127.0.0.1:5037: Only one usage of each socket address (protocol/network address/port) is normally permitted. (10048)
could not read ok from ADB Server
* could not start server *
) (WARNING: The server did not provide any stacktrace information)
Command duration or timeout: 44.77 seconds
Build info: version: &amp;apos;2.53.0&amp;apos;, revision: &amp;apos;35ae25b&amp;apos;, time: &amp;apos;2016-03-15 16:57:40&amp;apos;
System info: host: &amp;apos;BDC7-L-1Z7XLV1&amp;apos;, ip: &amp;apos;192.168.56.1&amp;apos;, os.name: &amp;apos;Windows 7&amp;apos;, os.arch: &amp;apos;x86&amp;apos;, os.version: &amp;apos;6.1&amp;apos;, java.version: &amp;apos;1.8.0_60&amp;apos;
Driver info: io.appium.java_client.android.AndroidDriver">
      <![CDATA[org.openqa.selenium.SessionNotCreatedException: A new session could not be created. (Original error: Command failed: C:\windows\system32\cmd.exe /s /c "C:\Users\srinivas.bavirisetti\AppData\Local\Android\sdk\platform-tools\adb.exe -s adb server version (32) doesn't match this client (36); killing...
 wait-for-device"
error: could not install *smartsocket* listener: cannot bind to 127.0.0.1:5037: Only one usage of each socket address (protocol/network address/port) is normally permitted. (10048)
could not read ok from ADB Server
* could not start server *
) (WARNING: The server did not provide any stacktrace information)
Command duration or timeout: 44.77 seconds
Build info: version: '2.53.0', revision: '35ae25b', time: '2016-03-15 16:57:40'
System info: host: 'BDC7-L-1Z7XLV1', ip: '192.168.56.1', os.name: 'Windows 7', os.arch: 'x86', os.version: '6.1', java.version: '1.8.0_60'
Driver info: io.appium.java_client.android.AndroidDriver
	at org.openqa.selenium.remote.ErrorHandler.createThrowable(ErrorHandler.java:206)
	at org.openqa.selenium.remote.ErrorHandler.throwIfResponseFailed(ErrorHandler.java:158)
	at org.openqa.selenium.remote.RemoteWebDriver.execute(RemoteWebDriver.java:678)
	at io.appium.java_client.DefaultGenericMobileDriver.execute(DefaultGenericMobileDriver.java:43)
	at io.appium.java_client.AppiumDriver.execute(AppiumDriver.java:1)
	at io.appium.java_client.android.AndroidDriver.execute(AndroidDriver.java:1)
	at org.openqa.selenium.remote.RemoteWebDriver.startSession(RemoteWebDriver.java:249)
	at org.openqa.selenium.remote.RemoteWebDriver.<init>(RemoteWebDriver.java:131)
	at org.openqa.selenium.remote.RemoteWebDriver.<init>(RemoteWebDriver.java:144)
	at io.appium.java_client.DefaultGenericMobileDriver.<init>(DefaultGenericMobileDriver.java:39)
	at io.appium.java_client.AppiumDriver.<init>(AppiumDriver.java:69)
	at io.appium.java_client.AppiumDriver.<init>(AppiumDriver.java:78)
	at io.appium.java_client.android.AndroidDriver.<init>(AndroidDriver.java:67)
	at com.appium.base.AppiumSingleTest.androidSetup(Unknown Source)
	at com.appium.base.AppiumSingleTest.initializeDriver(Unknown Source)
	at com.appium.testng.TestBaseStandalone.beforeMethod(Unknown Source)
... Removed 29 stack frames]]>
    </failure>
  </testcase> <!-- @BeforeMethod beforeMethod -->
  <testcase name="@AfterMethod afterMethod" time="0.0" classname="mwo.tests.LoginTests">
    <failure type="java.lang.NullPointerException">
      <![CDATA[java.lang.NullPointerException
	at com.appium.testng.TestBaseStandalone.captureFinalScreenshot(Unknown Source)
	at com.appium.testng.TestBaseStandalone.afterMethod(Unknown Source)
... Removed 25 stack frames]]>
    </failure>
  </testcase> <!-- @AfterMethod afterMethod -->
  <testcase name="@BeforeMethod beforeMethod" time="0.0" classname="mwo.tests.LoginTests">
    <failure type="org.openqa.selenium.SessionNotCreatedException" message="A new session could not be created. (Original error: Could not find a connected Android device.) (WARNING: The server did not provide any stacktrace information)
Command duration or timeout: 33.87 seconds
Build info: version: &amp;apos;2.53.0&amp;apos;, revision: &amp;apos;35ae25b&amp;apos;, time: &amp;apos;2016-03-15 16:57:40&amp;apos;
System info: host: &amp;apos;BDC7-L-1Z7XLV1&amp;apos;, ip: &amp;apos;192.168.56.1&amp;apos;, os.name: &amp;apos;Windows 7&amp;apos;, os.arch: &amp;apos;x86&amp;apos;, os.version: &amp;apos;6.1&amp;apos;, java.version: &amp;apos;1.8.0_60&amp;apos;
Driver info: io.appium.java_client.android.AndroidDriver">
      <![CDATA[org.openqa.selenium.SessionNotCreatedException: A new session could not be created. (Original error: Could not find a connected Android device.) (WARNING: The server did not provide any stacktrace information)
Command duration or timeout: 33.87 seconds
Build info: version: '2.53.0', revision: '35ae25b', time: '2016-03-15 16:57:40'
System info: host: 'BDC7-L-1Z7XLV1', ip: '192.168.56.1', os.name: 'Windows 7', os.arch: 'x86', os.version: '6.1', java.version: '1.8.0_60'
Driver info: io.appium.java_client.android.AndroidDriver
	at org.openqa.selenium.remote.ErrorHandler.createThrowable(ErrorHandler.java:206)
	at org.openqa.selenium.remote.ErrorHandler.throwIfResponseFailed(ErrorHandler.java:158)
	at org.openqa.selenium.remote.RemoteWebDriver.execute(RemoteWebDriver.java:678)
	at io.appium.java_client.DefaultGenericMobileDriver.execute(DefaultGenericMobileDriver.java:43)
	at io.appium.java_client.AppiumDriver.execute(AppiumDriver.java:1)
	at io.appium.java_client.android.AndroidDriver.execute(AndroidDriver.java:1)
	at org.openqa.selenium.remote.RemoteWebDriver.startSession(RemoteWebDriver.java:249)
	at org.openqa.selenium.remote.RemoteWebDriver.<init>(RemoteWebDriver.java:131)
	at org.openqa.selenium.remote.RemoteWebDriver.<init>(RemoteWebDriver.java:144)
	at io.appium.java_client.DefaultGenericMobileDriver.<init>(DefaultGenericMobileDriver.java:39)
	at io.appium.java_client.AppiumDriver.<init>(AppiumDriver.java:69)
	at io.appium.java_client.AppiumDriver.<init>(AppiumDriver.java:78)
	at io.appium.java_client.android.AndroidDriver.<init>(AndroidDriver.java:67)
	at com.appium.base.AppiumSingleTest.androidSetup(Unknown Source)
	at com.appium.base.AppiumSingleTest.initializeDriver(Unknown Source)
	at com.appium.testng.TestBaseStandalone.beforeMethod(Unknown Source)
... Removed 29 stack frames]]>
    </failure>
  </testcase> <!-- @BeforeMethod beforeMethod -->
  <testcase name="@AfterMethod afterMethod" time="0.0" classname="mwo.tests.LoginTests">
    <failure type="java.lang.NullPointerException">
      <![CDATA[java.lang.NullPointerException
	at com.appium.testng.TestBaseStandalone.captureFinalScreenshot(Unknown Source)
	at com.appium.testng.TestBaseStandalone.afterMethod(Unknown Source)
... Removed 25 stack frames]]>
    </failure>
  </testcase> <!-- @AfterMethod afterMethod -->
  <testcase name="testInValidLogin" time="0.0" classname="mwo.tests.LoginTests">
    <skipped/>
  </testcase> <!-- testInValidLogin -->
  <testcase name="testValidLogin" time="0.0" classname="mwo.tests.LoginTests">
    <skipped/>
  </testcase> <!-- testValidLogin -->
</testsuite> <!-- Test -->
