<?xml version="1.0" encoding="UTF-8"?>
<testng-results skipped="0" failed="0" total="2" passed="2">
  <reporter-output>
    <line>
      <![CDATA[We are in Android, now checking for Alert messages...]]>
    </line>
    <line>
      <![CDATA[We are in Android, now checking for Alert messages...]]>
    </line>
  </reporter-output>
  <suite name="POC_Automation_TestSuite" duration-ms="108176" started-at="2017-01-09T18:09:52Z" finished-at="2017-01-09T18:11:40Z">
    <groups>
      <group name="Final.Regression.iOS">
        <method signature="LoginTests.testInValidLogin()[pri:0, instance:poc_app.tests.LoginTests@3e6358]" name="testInValidLogin" class="poc_app.tests.LoginTests"/>
        <method signature="LoginTests.testValidLogin()[pri:0, instance:poc_app.tests.LoginTests@3e6358]" name="testValidLogin" class="poc_app.tests.LoginTests"/>
      </group> <!-- Final.Regression.iOS -->
      <group name="Final.Regression.Android">
        <method signature="LoginTests.testInValidLogin()[pri:0, instance:poc_app.tests.LoginTests@3e6358]" name="testInValidLogin" class="poc_app.tests.LoginTests"/>
        <method signature="LoginTests.testValidLogin()[pri:0, instance:poc_app.tests.LoginTests@3e6358]" name="testValidLogin" class="poc_app.tests.LoginTests"/>
      </group> <!-- Final.Regression.Android -->
    </groups>
    <test name="Test" duration-ms="108176" started-at="2017-01-09T18:09:52Z" finished-at="2017-01-09T18:11:40Z">
      <class name="poc_app.tests.LoginTests">
        <test-method status="PASS" signature="beforeSuite()[pri:0, instance:poc_app.tests.LoginTests@3e6358]" name="beforeSuite" is-config="true" duration-ms="33224" started-at="2017-01-09T23:39:19Z" finished-at="2017-01-09T23:39:52Z">
          <reporter-output>
          </reporter-output>
        </test-method> <!-- beforeSuite -->
        <test-method status="PASS" signature="beforeClass()[pri:0, instance:poc_app.tests.LoginTests@3e6358]" name="beforeClass" is-config="true" duration-ms="0" started-at="2017-01-09T23:39:52Z" finished-at="2017-01-09T23:39:52Z">
          <reporter-output>
          </reporter-output>
        </test-method> <!-- beforeClass -->
        <test-method status="PASS" signature="beforeMethod(java.lang.reflect.Method)[pri:0, instance:poc_app.tests.LoginTests@3e6358]" name="beforeMethod" is-config="true" duration-ms="18756" started-at="2017-01-09T23:39:52Z" finished-at="2017-01-09T23:40:11Z">
          <params>
            <param index="0">
              <value>
                <![CDATA[public void poc_app.tests.LoginTests.testInValidLogin() throws java.lang.Exception]]>
              </value>
            </param>
          </params>
          <reporter-output>
          </reporter-output>
        </test-method> <!-- beforeMethod -->
        <test-method status="PASS" signature="testInValidLogin()[pri:0, instance:poc_app.tests.LoginTests@3e6358]" name="testInValidLogin" duration-ms="33058" started-at="2017-01-09T23:40:11Z" finished-at="2017-01-09T23:40:44Z">
          <reporter-output>
            <line>
              <![CDATA[We are in Android, now checking for Alert messages...]]>
            </line>
          </reporter-output>
        </test-method> <!-- testInValidLogin -->
        <test-method status="PASS" signature="afterMethod(org.testng.ITestResult)[pri:0, instance:poc_app.tests.LoginTests@3e6358]" name="afterMethod" is-config="true" duration-ms="5497" started-at="2017-01-09T23:40:44Z" finished-at="2017-01-09T23:40:49Z">
          <params>
            <param index="0">
              <value>
                <![CDATA[[TestResult name=testInValidLogin status=SUCCESS method=LoginTests.testInValidLogin()[pri:0, instance:poc_app.tests.LoginTests@3e6358] output=We are in Android, now checking for Alert messages...]]]>
              </value>
            </param>
          </params>
          <reporter-output>
          </reporter-output>
        </test-method> <!-- afterMethod -->
        <test-method status="PASS" signature="beforeMethod(java.lang.reflect.Method)[pri:0, instance:poc_app.tests.LoginTests@3e6358]" name="beforeMethod" is-config="true" duration-ms="13977" started-at="2017-01-09T23:40:49Z" finished-at="2017-01-09T23:41:03Z">
          <params>
            <param index="0">
              <value>
                <![CDATA[public void poc_app.tests.LoginTests.testValidLogin() throws java.lang.Exception]]>
              </value>
            </param>
          </params>
          <reporter-output>
          </reporter-output>
        </test-method> <!-- beforeMethod -->
        <test-method status="PASS" signature="testValidLogin()[pri:0, instance:poc_app.tests.LoginTests@3e6358]" name="testValidLogin" duration-ms="31684" started-at="2017-01-09T23:41:03Z" finished-at="2017-01-09T23:41:35Z">
          <reporter-output>
            <line>
              <![CDATA[We are in Android, now checking for Alert messages...]]>
            </line>
          </reporter-output>
        </test-method> <!-- testValidLogin -->
        <test-method status="PASS" signature="afterMethod(org.testng.ITestResult)[pri:0, instance:poc_app.tests.LoginTests@3e6358]" name="afterMethod" is-config="true" duration-ms="5193" started-at="2017-01-09T23:41:35Z" finished-at="2017-01-09T23:41:40Z">
          <params>
            <param index="0">
              <value>
                <![CDATA[[TestResult name=testValidLogin status=SUCCESS method=LoginTests.testValidLogin()[pri:0, instance:poc_app.tests.LoginTests@3e6358] output=We are in Android, now checking for Alert messages...]]]>
              </value>
            </param>
          </params>
          <reporter-output>
          </reporter-output>
        </test-method> <!-- afterMethod -->
        <test-method status="PASS" signature="afterClass()[pri:0, instance:poc_app.tests.LoginTests@3e6358]" name="afterClass" is-config="true" duration-ms="0" started-at="2017-01-09T23:41:40Z" finished-at="2017-01-09T23:41:40Z">
          <reporter-output>
          </reporter-output>
        </test-method> <!-- afterClass -->
        <test-method status="PASS" signature="afterSuite()[pri:0, instance:poc_app.tests.LoginTests@3e6358]" name="afterSuite" is-config="true" duration-ms="1894" started-at="2017-01-09T23:41:40Z" finished-at="2017-01-09T23:41:42Z">
          <reporter-output>
          </reporter-output>
        </test-method> <!-- afterSuite -->
      </class> <!-- poc_app.tests.LoginTests -->
    </test> <!-- Test -->
  </suite> <!-- POC_Automation_TestSuite -->
</testng-results>
