<?xml version="1.0" encoding="UTF-8"?>
<testng-results skipped="0" failed="0" total="2" passed="2">
  <reporter-output>
    <line>
      <![CDATA[We are in Android, now checking for Alert messages...]]>
    </line>
    <line>
      <![CDATA[We are in Android, now checking for Alert messages...]]>
    </line>
  </reporter-output>
  <suite name="Mobile_WorkOrder_TestSuite" duration-ms="147833" started-at="2016-12-22T10:48:44Z" finished-at="2016-12-22T10:51:12Z">
    <groups>
      <group name="Final.Regression.iOS">
        <method signature="LoginTests.testInValidLogin()[pri:0, instance:mwo.tests.LoginTests@1fee20c]" name="testInValidLogin" class="mwo.tests.LoginTests"/>
        <method signature="LoginTests.testValidLogin()[pri:0, instance:mwo.tests.LoginTests@1fee20c]" name="testValidLogin" class="mwo.tests.LoginTests"/>
      </group> <!-- Final.Regression.iOS -->
      <group name="Final.Regression.Android">
        <method signature="LoginTests.testInValidLogin()[pri:0, instance:mwo.tests.LoginTests@1fee20c]" name="testInValidLogin" class="mwo.tests.LoginTests"/>
        <method signature="LoginTests.testValidLogin()[pri:0, instance:mwo.tests.LoginTests@1fee20c]" name="testValidLogin" class="mwo.tests.LoginTests"/>
      </group> <!-- Final.Regression.Android -->
    </groups>
    <test name="Test" duration-ms="147833" started-at="2016-12-22T10:48:44Z" finished-at="2016-12-22T10:51:12Z">
      <class name="mwo.tests.LoginTests">
        <test-method status="PASS" signature="beforeSuite()[pri:0, instance:mwo.tests.LoginTests@1fee20c]" name="beforeSuite" is-config="true" duration-ms="92193" started-at="2016-12-22T16:17:12Z" finished-at="2016-12-22T16:18:44Z">
          <reporter-output>
          </reporter-output>
        </test-method> <!-- beforeSuite -->
        <test-method status="PASS" signature="beforeClass()[pri:0, instance:mwo.tests.LoginTests@1fee20c]" name="beforeClass" is-config="true" duration-ms="0" started-at="2016-12-22T16:18:44Z" finished-at="2016-12-22T16:18:44Z">
          <reporter-output>
          </reporter-output>
        </test-method> <!-- beforeClass -->
        <test-method status="PASS" signature="beforeMethod(java.lang.reflect.Method)[pri:0, instance:mwo.tests.LoginTests@1fee20c]" name="beforeMethod" is-config="true" duration-ms="43234" started-at="2016-12-22T16:18:44Z" finished-at="2016-12-22T16:19:28Z">
          <params>
            <param index="0">
              <value>
                <![CDATA[public void mwo.tests.LoginTests.testInValidLogin() throws java.lang.Exception]]>
              </value>
            </param>
          </params>
          <reporter-output>
          </reporter-output>
        </test-method> <!-- beforeMethod -->
        <test-method status="PASS" signature="testInValidLogin()[pri:0, instance:mwo.tests.LoginTests@1fee20c]" name="testInValidLogin" duration-ms="33856" started-at="2016-12-22T16:19:28Z" finished-at="2016-12-22T16:20:01Z">
          <reporter-output>
            <line>
              <![CDATA[We are in Android, now checking for Alert messages...]]>
            </line>
          </reporter-output>
        </test-method> <!-- testInValidLogin -->
        <test-method status="PASS" signature="afterMethod(org.testng.ITestResult)[pri:0, instance:mwo.tests.LoginTests@1fee20c]" name="afterMethod" is-config="true" duration-ms="8397" started-at="2016-12-22T16:20:01Z" finished-at="2016-12-22T16:20:10Z">
          <params>
            <param index="0">
              <value>
                <![CDATA[[TestResult name=testInValidLogin status=SUCCESS method=LoginTests.testInValidLogin()[pri:0, instance:mwo.tests.LoginTests@1fee20c] output=We are in Android, now checking for Alert messages...]]]>
              </value>
            </param>
          </params>
          <reporter-output>
          </reporter-output>
        </test-method> <!-- afterMethod -->
        <test-method status="PASS" signature="beforeMethod(java.lang.reflect.Method)[pri:0, instance:mwo.tests.LoginTests@1fee20c]" name="beforeMethod" is-config="true" duration-ms="19604" started-at="2016-12-22T16:20:10Z" finished-at="2016-12-22T16:20:29Z">
          <params>
            <param index="0">
              <value>
                <![CDATA[public void mwo.tests.LoginTests.testValidLogin() throws java.lang.Exception]]>
              </value>
            </param>
          </params>
          <reporter-output>
          </reporter-output>
        </test-method> <!-- beforeMethod -->
        <test-method status="PASS" signature="testValidLogin()[pri:0, instance:mwo.tests.LoginTests@1fee20c]" name="testValidLogin" duration-ms="37024" started-at="2016-12-22T16:20:29Z" finished-at="2016-12-22T16:21:06Z">
          <reporter-output>
            <line>
              <![CDATA[We are in Android, now checking for Alert messages...]]>
            </line>
          </reporter-output>
        </test-method> <!-- testValidLogin -->
        <test-method status="PASS" signature="afterMethod(org.testng.ITestResult)[pri:0, instance:mwo.tests.LoginTests@1fee20c]" name="afterMethod" is-config="true" duration-ms="5667" started-at="2016-12-22T16:21:06Z" finished-at="2016-12-22T16:21:12Z">
          <params>
            <param index="0">
              <value>
                <![CDATA[[TestResult name=testValidLogin status=SUCCESS method=LoginTests.testValidLogin()[pri:0, instance:mwo.tests.LoginTests@1fee20c] output=We are in Android, now checking for Alert messages...]]]>
              </value>
            </param>
          </params>
          <reporter-output>
          </reporter-output>
        </test-method> <!-- afterMethod -->
        <test-method status="PASS" signature="afterClass()[pri:0, instance:mwo.tests.LoginTests@1fee20c]" name="afterClass" is-config="true" duration-ms="0" started-at="2016-12-22T16:21:12Z" finished-at="2016-12-22T16:21:12Z">
          <reporter-output>
          </reporter-output>
        </test-method> <!-- afterClass -->
        <test-method status="PASS" signature="afterSuite()[pri:0, instance:mwo.tests.LoginTests@1fee20c]" name="afterSuite" is-config="true" duration-ms="8087" started-at="2016-12-22T16:21:13Z" finished-at="2016-12-22T16:21:21Z">
          <reporter-output>
          </reporter-output>
        </test-method> <!-- afterSuite -->
      </class> <!-- mwo.tests.LoginTests -->
    </test> <!-- Test -->
  </suite> <!-- Mobile_WorkOrder_TestSuite -->
</testng-results>
